[2023-05-02 13:33:57] local.ERROR: Illuminate\Routing\Exceptions\UrlGenerationException: Missing required parameter for [Route: contact-login.edit] [URI: crm/contact-login/{contact_login}/edit] [Missing parameter: contact_login]. in /home/u217138193/domains/mzgr0up.com/public_html/erp1/vendor/laravel/framework/src/Illuminate/Routing/Exceptions/UrlGenerationException.php:35
Stack trace:
#0 /home/u217138193/domains/mzgr0up.com/public_html/erp1/vendor/laravel/framework/src/Illuminate/Routing/RouteUrlGenerator.php(91): Illuminate\Routing\Exceptions\UrlGenerationException::forMissingParameters(Object(Illuminate\Routing\Route), Array)
#1 /home/u217138193/domains/mzgr0up.com/public_html/erp1/vendor/laravel/framework/src/Illuminate/Routing/UrlGenerator.php(466): Illuminate\Routing\RouteUrlGenerator->to(Object(Illuminate\Routing\Route), Array, true)
#2 /home/u217138193/domains/mzgr0up.com/public_html/erp1/vendor/laravel/framework/src/Illuminate/Routing/UrlGenerator.php(486): Illuminate\Routing\UrlGenerator->toRoute(Object(Illuminate\Routing\Route), Array, true)
#3 /home/u217138193/domains/mzgr0up.com/public_html/erp1/vendor/laravel/framework/src/Illuminate/Foundation/helpers.php(101): Illuminate\Routing\UrlGenerator->action('Modules\\Crm\\Htt...', Array, true)
#4 /home/u217138193/domains/mzgr0up.com/public_html/erp1/Modules/Crm/Http/Controllers/ContactLoginController.php(76): action('\\Modules\\Crm\\Ht...', Array)
#5 /home/u217138193/domains/mzgr0up.com/public_html/erp1/vendor/yajra/laravel-datatables-oracle/src/Utilities/Helper.php(65): Modules\Crm\Http\Controllers\ContactLoginController->Modules\Crm\Http\Controllers\{closure}(Object(App\User))
#6 /home/u217138193/domains/mzgr0up.com/public_html/erp1/vendor/yajra/laravel-datatables-oracle/src/Processors/DataProcessor.php(137): Yajra\DataTables\Utilities\Helper::compileContent(Object(Closure), Array, Object(App\User))
#7 /home/u217138193/domains/mzgr0up.com/public_html/erp1/vendor/yajra/laravel-datatables-oracle/src/Processors/DataProcessor.php(106): Yajra\DataTables\Processors\DataProcessor->addColumns(Array, Object(App\User))
#8 /home/u217138193/domains/mzgr0up.com/public_html/erp1/vendor/yajra/laravel-datatables-oracle/src/DataTableAbstract.php(791): Yajra\DataTables\Processors\DataProcessor->process(true)
#9 /home/u217138193/domains/mzgr0up.com/public_html/erp1/vendor/yajra/laravel-datatables-oracle/src/QueryDataTable.php(101): Yajra\DataTables\DataTableAbstract->processResults(Object(Illuminate\Database\Eloquent\Collection), true)
#10 /home/u217138193/domains/mzgr0up.com/public_html/erp1/Modules/Crm/Http/Controllers/ContactLoginController.php(100): Yajra\DataTables\QueryDataTable->make(true)
#11 /home/u217138193/domains/mzgr0up.com/public_html/erp1/vendor/laravel/framework/src/Illuminate/Routing/Controller.php(54): Modules\Crm\Http\Controllers\ContactLoginController->index(Object(Illuminate\Http\Request))
#12 /home/u217138193/domains/mzgr0up.com/public_html/erp1/vendor/laravel/framework/src/Illuminate/Routing/ControllerDispatcher.php(45): Illuminate\Routing\Controller->callAction('index', Array)
#13 /home/u217138193/domains/mzgr0up.com/public_html/erp1/vendor/laravel/framework/src/Illuminate/Routing/Route.php(262): Illuminate\Routing\ControllerDispatcher->dispatch(Object(Illuminate\Routing\Route), Object(Modules\Crm\Http\Controllers\ContactLoginController), 'index')
#14 /home/u217138193/domains/mzgr0up.com/public_html/erp1/vendor/laravel/framework/src/Illuminate/Routing/Route.php(205): Illuminate\Routing\Route->runController()
#15 /home/u217138193/domains/mzgr0up.com/public_html/erp1/vendor/laravel/framework/src/Illuminate/Routing/Router.php(721): Illuminate\Routing\Route->run()
#16 /home/u217138193/domains/mzgr0up.com/public_html/erp1/vendor/laravel/framework/src/Illuminate/Pipeline/Pipeline.php(128): Illuminate\Routing\Router->Illuminate\Routing\{closure}(Object(Illuminate\Http\Request))
#17 /home/u217138193/domains/mzgr0up.com/public_html/erp1/app/Http/Middleware/CheckUserLogin.php(22): Illuminate\Pipeline\Pipeline->Illuminate\Pipeline\{closure}(Object(Illuminate\Http\Request))
#18 /home/u217138193/domains/mzgr0up.com/public_html/erp1/vendor/laravel/framework/src/Illuminate/Pipeline/Pipeline.php(167): App\Http\Middleware\CheckUserLogin->handle(Object(Illuminate\Http\Request), Object(Closure))
#19 /home/u217138193/domains/mzgr0up.com/public_html/erp1/app/Http/Middleware/AdminSidebarMenu.php(21): Illuminate\Pipeline\Pipeline->Illuminate\Pipeline\{closure}(Object(Illuminate\Http\Request))
#20 /home/u217138193/domains/mzgr0up.com/public_html/erp1/vendor/laravel/framework/src/Illuminate/Pipeline/Pipeline.php(167): App\Http\Middleware\AdminSidebarMenu->handle(Object(Illuminate\Http\Request), Object(Closure))
#21 /home/u217138193/domains/mzgr0up.com/public_html/erp1/app/Http/Middleware/Timezone.php(30): Illuminate\Pipeline\Pipeline->Illuminate\Pipeline\{closure}(Object(Illuminate\Http\Request))
#22 /home/u217138193/domains/mzgr0up.com/public_html/erp1/vendor/laravel/framework/src/Illuminate/Pipeline/Pipeline.php(167): App\Http\Middleware\Timezone->handle(Object(Illuminate\Http\Request), Object(Closure))
#23 /home/u217138193/domains/mzgr0up.com/public_html/erp1/app/Http/Middleware/Language.php(27): Illuminate\Pipeline\Pipeline->Illuminate\Pipeline\{closure}(Object(Illuminate\Http\Request))
#24 /home/u217138193/domains/mzgr0up.com/public_html/erp1/vendor/laravel/framework/src/Illuminate/Pipeline/Pipeline.php(167): App\Http\Middleware\Language->handle(Object(Illuminate\Http\Request), Object(Closure))
#25 /home/u217138193/domains/mzgr0up.com/public_html/erp1/app/Http/Middleware/SetSessionData.php(58): Illuminate\Pipeline\Pipeline->Illuminate\Pipeline\{closure}(Object(Illuminate\Http\Request))
#26 /home/u217138193/domains/mzgr0up.com/public_html/erp1/vendor/laravel/framework/src/Illuminate/Pipeline/Pipeline.php(167): App\Http\Middleware\SetSessionData->handle(Object(Illuminate\Http\Request), Object(Closure))
#27 /home/u217138193/domains/mzgr0up.com/public_html/erp1/app/Http/Middleware/IsInstalled.php(26): Illuminate\Pipeline\Pipeline->Illuminate\Pipeline\{closure}(Object(Illuminate\Http\Request))
#28 /home/u217138193/domains/mzgr0up.com/public_html/erp1/vendor/laravel/framework/src/Illuminate/Pipeline/Pipeline.php(167): App\Http\Middleware\IsInstalled->handle(Object(Illuminate\Http\Request), Object(Closure))
#29 /home/u217138193/domains/mzgr0up.com/public_html/erp1/vendor/laravel/framework/src/Illuminate/Routing/Middleware/SubstituteBindings.php(50): Illuminate\Pipeline\Pipeline->Illuminate\Pipeline\{closure}(Object(Illuminate\Http\Request))
#30 /home/u217138193/domains/mzgr0up.com/public_html/erp1/vendor/laravel/framework/src/Illuminate/Pipeline/Pipeline.php(167): Illuminate\Routing\Middleware\SubstituteBindings->handle(Object(Illuminate\Http\Request), Object(Closure))
#31 /home/u217138193/domains/mzgr0up.com/public_html/erp1/vendor/laravel/framework/src/Illuminate/Auth/Middleware/Authenticate.php(44): Illuminate\Pipeline\Pipeline->Illuminate\Pipeline\{closure}(Object(Illuminate\Http\Request))
#32 /home/u217138193/domains/mzgr0up.com/public_html/erp1/vendor/laravel/framework/src/Illuminate/Pipeline/Pipeline.php(167): Illuminate\Auth\Middleware\Authenticate->handle(Object(Illuminate\Http\Request), Object(Closure))
#33 /home/u217138193/domains/mzgr0up.com/public_html/erp1/vendor/laravel/framework/src/Illuminate/Foundation/Http/Middleware/VerifyCsrfToken.php(78): Illuminate\Pipeline\Pipeline->Illuminate\Pipeline\{closure}(Object(Illuminate\Http\Request))
#34 /home/u217138193/domains/mzgr0up.com/public_html/erp1/vendor/laravel/framework/src/Illuminate/Pipeline/Pipeline.php(167): Illuminate\Foundation\Http\Middleware\VerifyCsrfToken->handle(Object(Illuminate\Http\Request), Object(Closure))
#35 /home/u217138193/domains/mzgr0up.com/public_html/erp1/vendor/laravel/framework/src/Illuminate/View/Middleware/ShareErrorsFromSession.php(49): Illuminate\Pipeline\Pipeline->Illuminate\Pipeline\{closure}(Object(Illuminate\Http\Request))
#36 /home/u217138193/domains/mzgr0up.com/public_html/erp1/vendor/laravel/framework/src/Illuminate/Pipeline/Pipeline.php(167): Illuminate\View\Middleware\ShareErrorsFromSession->handle(Object(Illuminate\Http\Request), Object(Closure))
#37 /home/u217138193/domains/mzgr0up.com/public_html/erp1/vendor/laravel/framework/src/Illuminate/Session/Middleware/StartSession.php(121): Illuminate\Pipeline\Pipeline->Illuminate\Pipeline\{closure}(Object(Illuminate\Http\Request))
#38 /home/u217138193/domains/mzgr0up.com/public_html/erp1/vendor/laravel/framework/src/Illuminate/Session/Middleware/StartSession.php(64): Illuminate\Session\Middleware\StartSession->handleStatefulRequest(Object(Illuminate\Http\Request), Object(Illuminate\Session\Store), Object(Closure))
#39 /home/u217138193/domains/mzgr0up.com/public_html/erp1/vendor/laravel/framework/src/Illuminate/Pipeline/Pipeline.php(167): Illuminate\Session\Middleware\StartSession->handle(Object(Illuminate\Http\Request), Object(Closure))
#40 /home/u217138193/domains/mzgr0up.com/public_html/erp1/vendor/laravel/framework/src/Illuminate/Cookie/Middleware/AddQueuedCookiesToResponse.php(37): Illuminate\Pipeline\Pipeline->Illuminate\Pipeline\{closure}(Object(Illuminate\Http\Request))
#41 /home/u217138193/domains/mzgr0up.com/public_html/erp1/vendor/laravel/framework/src/Illuminate/Pipeline/Pipeline.php(167): Illuminate\Cookie\Middleware\AddQueuedCookiesToResponse->handle(Object(Illuminate\Http\Request), Object(Closure))
#42 /home/u217138193/domains/mzgr0up.com/public_html/erp1/vendor/laravel/framework/src/Illuminate/Cookie/Middleware/EncryptCookies.php(67): Illuminate\Pipeline\Pipeline->Illuminate\Pipeline\{closure}(Object(Illuminate\Http\Request))
#43 /home/u217138193/domains/mzgr0up.com/public_html/erp1/vendor/laravel/framework/src/Illuminate/Pipeline/Pipeline.php(167): Illuminate\Cookie\Middleware\EncryptCookies->handle(Object(Illuminate\Http\Request), Object(Closure))
#44 /home/u217138193/domains/mzgr0up.com/public_html/erp1/vendor/laravel/framework/src/Illuminate/Pipeline/Pipeline.php(103): Illuminate\Pipeline\Pipeline->Illuminate\Pipeline\{closure}(Object(Illuminate\Http\Request))
#45 /home/u217138193/domains/mzgr0up.com/public_html/erp1/vendor/laravel/framework/src/Illuminate/Routing/Router.php(723): Illuminate\Pipeline\Pipeline->then(Object(Closure))
#46 /home/u217138193/domains/mzgr0up.com/public_html/erp1/vendor/laravel/framework/src/Illuminate/Routing/Router.php(698): Illuminate\Routing\Router->runRouteWithinStack(Object(Illuminate\Routing\Route), Object(Illuminate\Http\Request))
#47 /home/u217138193/domains/mzgr0up.com/public_html/erp1/vendor/laravel/framework/src/Illuminate/Routing/Router.php(662): Illuminate\Routing\Router->runRoute(Object(Illuminate\Http\Request), Object(Illuminate\Routing\Route))
#48 /home/u217138193/domains/mzgr0up.com/public_html/erp1/vendor/laravel/framework/src/Illuminate/Routing/Router.php(651): Illuminate\Routing\Router->dispatchToRoute(Object(Illuminate\Http\Request))
#49 /home/u217138193/domains/mzgr0up.com/public_html/erp1/vendor/laravel/framework/src/Illuminate/Foundation/Http/Kernel.php(167): Illuminate\Routing\Router->dispatch(Object(Illuminate\Http\Request))
#50 /home/u217138193/domains/mzgr0up.com/public_html/erp1/vendor/laravel/framework/src/Illuminate/Pipeline/Pipeline.php(128): Illuminate\Foundation\Http\Kernel->Illuminate\Foundation\Http\{closure}(Object(Illuminate\Http\Request))
#51 /home/u217138193/domains/mzgr0up.com/public_html/erp1/vendor/livewire/livewire/src/DisableBrowserCache.php(19): Illuminate\Pipeline\Pipeline->Illuminate\Pipeline\{closure}(Object(Illuminate\Http\Request))
#52 /home/u217138193/domains/mzgr0up.com/public_html/erp1/vendor/laravel/framework/src/Illuminate/Pipeline/Pipeline.php(167): Livewire\DisableBrowserCache->handle(Object(Illuminate\Http\Request), Object(Closure))
#53 /home/u217138193/domains/mzgr0up.com/public_html/erp1/vendor/barryvdh/laravel-debugbar/src/Middleware/InjectDebugbar.php(60): Illuminate\Pipeline\Pipeline->Illuminate\Pipeline\{closure}(Object(Illuminate\Http\Request))
#54 /home/u217138193/domains/mzgr0up.com/public_html/erp1/vendor/laravel/framework/src/Illuminate/Pipeline/Pipeline.php(167): Barryvdh\Debugbar\Middleware\InjectDebugbar->handle(Object(Illuminate\Http\Request), Object(Closure))
#55 /home/u217138193/domains/mzgr0up.com/public_html/erp1/vendor/fideloper/proxy/src/TrustProxies.php(57): Illuminate\Pipeline\Pipeline->Illuminate\Pipeline\{closure}(Object(Illuminate\Http\Request))
#56 /home/u217138193/domains/mzgr0up.com/public_html/erp1/vendor/laravel/framework/src/Illuminate/Pipeline/Pipeline.php(167): Fideloper\Proxy\TrustProxies->handle(Object(Illuminate\Http\Request), Object(Closure))
#57 /home/u217138193/domains/mzgr0up.com/public_html/erp1/vendor/laravel/framework/src/Illuminate/Foundation/Http/Middleware/TransformsRequest.php(21): Illuminate\Pipeline\Pipeline->Illuminate\Pipeline\{closure}(Object(Illuminate\Http\Request))
#58 /home/u217138193/domains/mzgr0up.com/public_html/erp1/vendor/laravel/framework/src/Illuminate/Foundation/Http/Middleware/ConvertEmptyStringsToNull.php(31): Illuminate\Foundation\Http\Middleware\TransformsRequest->handle(Object(Illuminate\Http\Request), Object(Closure))
#59 /home/u217138193/domains/mzgr0up.com/public_html/erp1/vendor/laravel/framework/src/Illuminate/Pipeline/Pipeline.php(167): Illuminate\Foundation\Http\Middleware\ConvertEmptyStringsToNull->handle(Object(Illuminate\Http\Request), Object(Closure))
#60 /home/u217138193/domains/mzgr0up.com/public_html/erp1/vendor/laravel/framework/src/Illuminate/Foundation/Http/Middleware/TransformsRequest.php(21): Illuminate\Pipeline\Pipeline->Illuminate\Pipeline\{closure}(Object(Illuminate\Http\Request))
#61 /home/u217138193/domains/mzgr0up.com/public_html/erp1/vendor/laravel/framework/src/Illuminate/Foundation/Http/Middleware/TrimStrings.php(40): Illuminate\Foundation\Http\Middleware\TransformsRequest->handle(Object(Illuminate\Http\Request), Object(Closure))
#62 /home/u217138193/domains/mzgr0up.com/public_html/erp1/vendor/laravel/framework/src/Illuminate/Pipeline/Pipeline.php(167): Illuminate\Foundation\Http\Middleware\TrimStrings->handle(Object(Illuminate\Http\Request), Object(Closure))
#63 /home/u217138193/domains/mzgr0up.com/public_html/erp1/vendor/laravel/framework/src/Illuminate/Foundation/Http/Middleware/ValidatePostSize.php(27): Illuminate\Pipeline\Pipeline->Illuminate\Pipeline\{closure}(Object(Illuminate\Http\Request))
#64 /home/u217138193/domains/mzgr0up.com/public_html/erp1/vendor/laravel/framework/src/Illuminate/Pipeline/Pipeline.php(167): Illuminate\Foundation\Http\Middleware\ValidatePostSize->handle(Object(Illuminate\Http\Request), Object(Closure))
#65 /home/u217138193/domains/mzgr0up.com/public_html/erp1/vendor/laravel/framework/src/Illuminate/Foundation/Http/Middleware/PreventRequestsDuringMaintenance.php(86): Illuminate\Pipeline\Pipeline->Illuminate\Pipeline\{closure}(Object(Illuminate\Http\Request))
#66 /home/u217138193/domains/mzgr0up.com/public_html/erp1/vendor/laravel/framework/src/Illuminate/Pipeline/Pipeline.php(167): Illuminate\Foundation\Http\Middleware\PreventRequestsDuringMaintenance->handle(Object(Illuminate\Http\Request), Object(Closure))
#67 /home/u217138193/domains/mzgr0up.com/public_html/erp1/vendor/laravel/framework/src/Illuminate/Pipeline/Pipeline.php(103): Illuminate\Pipeline\Pipeline->Illuminate\Pipeline\{closure}(Object(Illuminate\Http\Request))
#68 /home/u217138193/domains/mzgr0up.com/public_html/erp1/vendor/laravel/framework/src/Illuminate/Foundation/Http/Kernel.php(142): Illuminate\Pipeline\Pipeline->then(Object(Closure))
#69 /home/u217138193/domains/mzgr0up.com/public_html/erp1/vendor/laravel/framework/src/Illuminate/Foundation/Http/Kernel.php(111): Illuminate\Foundation\Http\Kernel->sendRequestThroughRouter(Object(Illuminate\Http\Request))
#70 /home/u217138193/domains/mzgr0up.com/public_html/erp1/public/index.php(53): Illuminate\Foundation\Http\Kernel->handle(Object(Illuminate\Http\Request))
#71 {main}  
