[2023-05-09 12:09:24] local.ERROR: Undefined index: opening_stock_by_sp (View: /home/u217138193/domains/mzgr0up.com/public_html/erp1/resources/views/report/partials/profit_loss_details.blade.php) {"view":{"view":"/home/u217138193/domains/mzgr0up.com/public_html/erp1/resources/views/report/partials/profit_loss_details.blade.php","data":{"asset_v":"<pre class=sf-dump id=sf-dump-24051204 data-indent-pad=\"  \"><span class=sf-dump-num>41</span>
</pre><script>Sfdump(\"sf-dump-24051204\", {\"maxDepth\":3,\"maxStringLength\":160})</script>
","errors":"<pre class=sf-dump id=sf-dump-1034477140 data-indent-pad=\"  \"><span class=sf-dump-note>Illuminate\\Support\\ViewErrorBag</span> {<a class=sf-dump-ref>#3218</a><samp data-depth=1 class=sf-dump-expanded>
  #<span class=sf-dump-protected title=\"Protected property\">bags</span>: []
</samp>}
</pre><script>Sfdump(\"sf-dump-1034477140\", {\"maxDepth\":3,\"maxStringLength\":160})</script>
","data":"<pre class=sf-dump id=sf-dump-1941221045 data-indent-pad=\"  \"><span class=sf-dump-note>array:23</span> [<samp data-depth=1 class=sf-dump-expanded>
  \"<span class=sf-dump-key>total_purchase_shipping_charge</span>\" => <span class=sf-dump-num>0</span>
  \"<span class=sf-dump-key>total_sell_shipping_charge</span>\" => \"<span class=sf-dump-str title=\"6 characters\">0.0000</span>\"
  \"<span class=sf-dump-key>total_purchase_additional_expense</span>\" => <span class=sf-dump-num>0</span>
  \"<span class=sf-dump-key>total_transfer_shipping_charges</span>\" => \"<span class=sf-dump-str title=\"6 characters\">0.0000</span>\"
  \"<span class=sf-dump-key>opening_stock</span>\" => \"<span class=sf-dump-str title=\"16 characters\">3065199.55000000</span>\"
  \"<span class=sf-dump-key>closing_stock</span>\" => \"<span class=sf-dump-str title=\"16 characters\">3065099.54600000</span>\"
  \"<span class=sf-dump-key>total_purchase</span>\" => <span class=sf-dump-num>0</span>
  \"<span class=sf-dump-key>total_purchase_discount</span>\" => \"<span class=sf-dump-str title=\"14 characters\">0.000000000000</span>\"
  \"<span class=sf-dump-key>total_purchase_return</span>\" => \"<span class=sf-dump-str title=\"6 characters\">0.0000</span>\"
  \"<span class=sf-dump-key>total_sell</span>\" => \"<span class=sf-dump-str title=\"8 characters\">108.7000</span>\"
  \"<span class=sf-dump-key>total_sell_discount</span>\" => \"<span class=sf-dump-str title=\"14 characters\">0.000000000000</span>\"
  \"<span class=sf-dump-key>total_sell_return</span>\" => \"<span class=sf-dump-str title=\"6 characters\">0.0000</span>\"
  \"<span class=sf-dump-key>total_sell_round_off</span>\" => \"<span class=sf-dump-str title=\"6 characters\">0.0000</span>\"
  \"<span class=sf-dump-key>total_expense</span>\" => <span class=sf-dump-num>0.0</span>
  \"<span class=sf-dump-key>total_adjustment</span>\" => \"<span class=sf-dump-str title=\"6 characters\">0.0000</span>\"
  \"<span class=sf-dump-key>total_recovered</span>\" => \"<span class=sf-dump-str title=\"6 characters\">0.0000</span>\"
  \"<span class=sf-dump-key>total_reward_amount</span>\" => \"<span class=sf-dump-str title=\"6 characters\">0.0000</span>\"
  \"<span class=sf-dump-key>left_side_module_data</span>\" => <span class=sf-dump-note>array:2</span> [<samp data-depth=2 class=sf-dump-compact>
    <span class=sf-dump-index>0</span> => <span class=sf-dump-note>array:3</span> [<samp data-depth=3 class=sf-dump-compact>
      \"<span class=sf-dump-key>value</span>\" => \"<span class=sf-dump-str title=\"6 characters\">0.0000</span>\"
      \"<span class=sf-dump-key>label</span>\" => \"<span class=sf-dump-str title=\"14 characters\">&#1573;&#1580;&#1605;&#1575;&#1604;&#1610; &#1575;&#1604;&#1585;&#1608;&#1575;&#1578;&#1576;</span>\"
      \"<span class=sf-dump-key>add_to_net_profit</span>\" => <span class=sf-dump-const>true</span>
    </samp>]
    <span class=sf-dump-index>1</span> => <span class=sf-dump-note>array:3</span> [<samp data-depth=3 class=sf-dump-compact>
      \"<span class=sf-dump-key>value</span>\" => <span class=sf-dump-num>0</span>
      \"<span class=sf-dump-key>label</span>\" => \"<span class=sf-dump-str title=\"20 characters\">&#1573;&#1580;&#1605;&#1575;&#1604;&#1610; &#1578;&#1603;&#1604;&#1601;&#1577; &#1575;&#1604;&#1573;&#1606;&#1578;&#1575;&#1580;</span>\"
      \"<span class=sf-dump-key>add_to_net_profit</span>\" => <span class=sf-dump-const>true</span>
    </samp>]
  </samp>]
  \"<span class=sf-dump-key>right_side_module_data</span>\" => []
  \"<span class=sf-dump-key>net_profit</span>\" => <span class=sf-dump-num>8.696</span>
  \"<span class=sf-dump-key>gross_profit</span>\" => <span class=sf-dump-num>8.696</span>
  \"<span class=sf-dump-key>total_sell_by_subtype</span>\" => <span class=sf-dump-note title=\"Illuminate\\Database\\Eloquent\\Collection
\"><span class=\"sf-dump-ellipsis sf-dump-ellipsis-note\">Illuminate\\Database\\Eloquent</span><span class=\"sf-dump-ellipsis sf-dump-ellipsis-note\">\\</span>Collection</span> {<a class=sf-dump-ref>#3632</a><samp data-depth=2 class=sf-dump-compact>
    #<span class=sf-dump-protected title=\"Protected property\">items</span>: []
    #<span class=sf-dump-protected title=\"Protected property\">escapeWhenCastingToString</span>: <span class=sf-dump-const>false</span>
  </samp>}
  \"<span class=sf-dump-key>installmentprofit</span>\" => <span class=sf-dump-num>0</span>
</samp>]
</pre><script>Sfdump(\"sf-dump-1941221045\", {\"maxDepth\":3,\"maxStringLength\":160})</script>
","enabled_modules":"<pre class=sf-dump id=sf-dump-1664991677 data-indent-pad=\"  \"><span class=sf-dump-note>array:13</span> [<samp data-depth=1 class=sf-dump-expanded>
  <span class=sf-dump-index>0</span> => \"<span class=sf-dump-str title=\"9 characters\">purchases</span>\"
  <span class=sf-dump-index>1</span> => \"<span class=sf-dump-str title=\"8 characters\">add_sale</span>\"
  <span class=sf-dump-index>2</span> => \"<span class=sf-dump-str title=\"8 characters\">pos_sale</span>\"
  <span class=sf-dump-index>3</span> => \"<span class=sf-dump-str title=\"15 characters\">stock_transfers</span>\"
  <span class=sf-dump-index>4</span> => \"<span class=sf-dump-str title=\"16 characters\">stock_adjustment</span>\"
  <span class=sf-dump-index>5</span> => \"<span class=sf-dump-str title=\"8 characters\">expenses</span>\"
  <span class=sf-dump-index>6</span> => \"<span class=sf-dump-str title=\"7 characters\">account</span>\"
  <span class=sf-dump-index>7</span> => \"<span class=sf-dump-str title=\"6 characters\">tables</span>\"
  <span class=sf-dump-index>8</span> => \"<span class=sf-dump-str title=\"9 characters\">modifiers</span>\"
  <span class=sf-dump-index>9</span> => \"<span class=sf-dump-str title=\"13 characters\">service_staff</span>\"
  <span class=sf-dump-index>10</span> => \"<span class=sf-dump-str title=\"7 characters\">booking</span>\"
  <span class=sf-dump-index>11</span> => \"<span class=sf-dump-str title=\"12 characters\">subscription</span>\"
  <span class=sf-dump-index>12</span> => \"<span class=sf-dump-str title=\"16 characters\">types_of_service</span>\"
</samp>]
</pre><script>Sfdump(\"sf-dump-1664991677\", {\"maxDepth\":3,\"maxStringLength\":160})</script>
","__is_pusher_enabled":"<pre class=sf-dump id=sf-dump-1707323122 data-indent-pad=\"  \"><span class=sf-dump-const>false</span>
</pre><script>Sfdump(\"sf-dump-1707323122\", {\"maxDepth\":3,\"maxStringLength\":160})</script>
"}},"userId":44,"exception":"[object] (Facade\\Ignition\\Exceptions\\ViewException(code: 0): Undefined index: opening_stock_by_sp (View: /home/u217138193/domains/mzgr0up.com/public_html/erp1/resources/views/report/partials/profit_loss_details.blade.php) at /home/u217138193/domains/mzgr0up.com/public_html/erp1/resources/views/report/partials/profit_loss_details.blade.php:13)
[stacktrace]
#0 /home/u217138193/domains/mzgr0up.com/public_html/erp1/resources/views/report/partials/profit_loss_details.blade.php(13): Illuminate\\Foundation\\Bootstrap\\HandleExceptions->handleError(8, 'Undefined index...', '/home/u21713819...', 13, Array)
#1 /home/u217138193/domains/mzgr0up.com/public_html/erp1/vendor/laravel/framework/src/Illuminate/Filesystem/Filesystem.php(107): require('/home/u21713819...')
#2 /home/u217138193/domains/mzgr0up.com/public_html/erp1/vendor/laravel/framework/src/Illuminate/Filesystem/Filesystem.php(108): Illuminate\\Filesystem\\Filesystem::Illuminate\\Filesystem\\{closure}()
#3 /home/u217138193/domains/mzgr0up.com/public_html/erp1/vendor/laravel/framework/src/Illuminate/View/Engines/PhpEngine.php(58): Illuminate\\Filesystem\\Filesystem->getRequire('/home/u21713819...', Array)
#4 /home/u217138193/domains/mzgr0up.com/public_html/erp1/vendor/livewire/livewire/src/ComponentConcerns/RendersLivewireComponents.php(69): Illuminate\\View\\Engines\\PhpEngine->evaluatePath('/home/u21713819...', Array)
#5 /home/u217138193/domains/mzgr0up.com/public_html/erp1/vendor/laravel/framework/src/Illuminate/View/Engines/CompilerEngine.php(61): Livewire\\CompilerEngineForIgnition->evaluatePath('/home/u21713819...', Array)
#6 /home/u217138193/domains/mzgr0up.com/public_html/erp1/vendor/facade/ignition/src/Views/Engines/CompilerEngine.php(37): Illuminate\\View\\Engines\\CompilerEngine->get('/home/u21713819...', Array)
#7 /home/u217138193/domains/mzgr0up.com/public_html/erp1/vendor/livewire/livewire/src/ComponentConcerns/RendersLivewireComponents.php(35): Facade\\Ignition\\Views\\Engines\\CompilerEngine->get('/home/u21713819...', Array)
#8 /home/u217138193/domains/mzgr0up.com/public_html/erp1/vendor/laravel/framework/src/Illuminate/View/View.php(139): Livewire\\CompilerEngineForIgnition->get('/home/u21713819...', Array)
#9 /home/u217138193/domains/mzgr0up.com/public_html/erp1/vendor/laravel/framework/src/Illuminate/View/View.php(122): Illuminate\\View\\View->getContents()
#10 /home/u217138193/domains/mzgr0up.com/public_html/erp1/vendor/laravel/framework/src/Illuminate/View/View.php(91): Illuminate\\View\\View->renderContents()
#11 /home/u217138193/domains/mzgr0up.com/public_html/erp1/app/Http/Controllers/ReportController.php(80): Illuminate\\View\\View->render()
#12 /home/u217138193/domains/mzgr0up.com/public_html/erp1/vendor/laravel/framework/src/Illuminate/Routing/Controller.php(54): App\\Http\\Controllers\\ReportController->getProfitLoss(Object(Illuminate\\Http\\Request))
#13 /home/u217138193/domains/mzgr0up.com/public_html/erp1/vendor/laravel/framework/src/Illuminate/Routing/ControllerDispatcher.php(45): Illuminate\\Routing\\Controller->callAction('getProfitLoss', Array)
#14 /home/u217138193/domains/mzgr0up.com/public_html/erp1/vendor/laravel/framework/src/Illuminate/Routing/Route.php(262): Illuminate\\Routing\\ControllerDispatcher->dispatch(Object(Illuminate\\Routing\\Route), Object(App\\Http\\Controllers\\ReportController), 'getProfitLoss')
#15 /home/u217138193/domains/mzgr0up.com/public_html/erp1/vendor/laravel/framework/src/Illuminate/Routing/Route.php(205): Illuminate\\Routing\\Route->runController()
#16 /home/u217138193/domains/mzgr0up.com/public_html/erp1/vendor/laravel/framework/src/Illuminate/Routing/Router.php(721): Illuminate\\Routing\\Route->run()
#17 /home/u217138193/domains/mzgr0up.com/public_html/erp1/vendor/laravel/framework/src/Illuminate/Pipeline/Pipeline.php(128): Illuminate\\Routing\\Router->Illuminate\\Routing\\{closure}(Object(Illuminate\\Http\\Request))
#18 /home/u217138193/domains/mzgr0up.com/public_html/erp1/app/Http/Middleware/CheckUserLogin.php(22): Illuminate\\Pipeline\\Pipeline->Illuminate\\Pipeline\\{closure}(Object(Illuminate\\Http\\Request))
#19 /home/u217138193/domains/mzgr0up.com/public_html/erp1/vendor/laravel/framework/src/Illuminate/Pipeline/Pipeline.php(167): App\\Http\\Middleware\\CheckUserLogin->handle(Object(Illuminate\\Http\\Request), Object(Closure))
#20 /home/u217138193/domains/mzgr0up.com/public_html/erp1/app/Http/Middleware/AdminSidebarMenu.php(21): Illuminate\\Pipeline\\Pipeline->Illuminate\\Pipeline\\{closure}(Object(Illuminate\\Http\\Request))
#21 /home/u217138193/domains/mzgr0up.com/public_html/erp1/vendor/laravel/framework/src/Illuminate/Pipeline/Pipeline.php(167): App\\Http\\Middleware\\AdminSidebarMenu->handle(Object(Illuminate\\Http\\Request), Object(Closure))
#22 /home/u217138193/domains/mzgr0up.com/public_html/erp1/app/Http/Middleware/Timezone.php(30): Illuminate\\Pipeline\\Pipeline->Illuminate\\Pipeline\\{closure}(Object(Illuminate\\Http\\Request))
#23 /home/u217138193/domains/mzgr0up.com/public_html/erp1/vendor/laravel/framework/src/Illuminate/Pipeline/Pipeline.php(167): App\\Http\\Middleware\\Timezone->handle(Object(Illuminate\\Http\\Request), Object(Closure))
#24 /home/u217138193/domains/mzgr0up.com/public_html/erp1/app/Http/Middleware/Language.php(27): Illuminate\\Pipeline\\Pipeline->Illuminate\\Pipeline\\{closure}(Object(Illuminate\\Http\\Request))
#25 /home/u217138193/domains/mzgr0up.com/public_html/erp1/vendor/laravel/framework/src/Illuminate/Pipeline/Pipeline.php(167): App\\Http\\Middleware\\Language->handle(Object(Illuminate\\Http\\Request), Object(Closure))
#26 /home/u217138193/domains/mzgr0up.com/public_html/erp1/app/Http/Middleware/SetSessionData.php(58): Illuminate\\Pipeline\\Pipeline->Illuminate\\Pipeline\\{closure}(Object(Illuminate\\Http\\Request))
#27 /home/u217138193/domains/mzgr0up.com/public_html/erp1/vendor/laravel/framework/src/Illuminate/Pipeline/Pipeline.php(167): App\\Http\\Middleware\\SetSessionData->handle(Object(Illuminate\\Http\\Request), Object(Closure))
#28 /home/u217138193/domains/mzgr0up.com/public_html/erp1/app/Http/Middleware/IsInstalled.php(26): Illuminate\\Pipeline\\Pipeline->Illuminate\\Pipeline\\{closure}(Object(Illuminate\\Http\\Request))
#29 /home/u217138193/domains/mzgr0up.com/public_html/erp1/vendor/laravel/framework/src/Illuminate/Pipeline/Pipeline.php(167): App\\Http\\Middleware\\IsInstalled->handle(Object(Illuminate\\Http\\Request), Object(Closure))
#30 /home/u217138193/domains/mzgr0up.com/public_html/erp1/vendor/laravel/framework/src/Illuminate/Routing/Middleware/SubstituteBindings.php(50): Illuminate\\Pipeline\\Pipeline->Illuminate\\Pipeline\\{closure}(Object(Illuminate\\Http\\Request))
#31 /home/u217138193/domains/mzgr0up.com/public_html/erp1/vendor/laravel/framework/src/Illuminate/Pipeline/Pipeline.php(167): Illuminate\\Routing\\Middleware\\SubstituteBindings->handle(Object(Illuminate\\Http\\Request), Object(Closure))
#32 /home/u217138193/domains/mzgr0up.com/public_html/erp1/vendor/laravel/framework/src/Illuminate/Auth/Middleware/Authenticate.php(44): Illuminate\\Pipeline\\Pipeline->Illuminate\\Pipeline\\{closure}(Object(Illuminate\\Http\\Request))
#33 /home/u217138193/domains/mzgr0up.com/public_html/erp1/vendor/laravel/framework/src/Illuminate/Pipeline/Pipeline.php(167): Illuminate\\Auth\\Middleware\\Authenticate->handle(Object(Illuminate\\Http\\Request), Object(Closure))
#34 /home/u217138193/domains/mzgr0up.com/public_html/erp1/vendor/laravel/framework/src/Illuminate/Foundation/Http/Middleware/VerifyCsrfToken.php(78): Illuminate\\Pipeline\\Pipeline->Illuminate\\Pipeline\\{closure}(Object(Illuminate\\Http\\Request))
#35 /home/u217138193/domains/mzgr0up.com/public_html/erp1/vendor/laravel/framework/src/Illuminate/Pipeline/Pipeline.php(167): Illuminate\\Foundation\\Http\\Middleware\\VerifyCsrfToken->handle(Object(Illuminate\\Http\\Request), Object(Closure))
#36 /home/u217138193/domains/mzgr0up.com/public_html/erp1/vendor/laravel/framework/src/Illuminate/View/Middleware/ShareErrorsFromSession.php(49): Illuminate\\Pipeline\\Pipeline->Illuminate\\Pipeline\\{closure}(Object(Illuminate\\Http\\Request))
#37 /home/u217138193/domains/mzgr0up.com/public_html/erp1/vendor/laravel/framework/src/Illuminate/Pipeline/Pipeline.php(167): Illuminate\\View\\Middleware\\ShareErrorsFromSession->handle(Object(Illuminate\\Http\\Request), Object(Closure))
#38 /home/u217138193/domains/mzgr0up.com/public_html/erp1/vendor/laravel/framework/src/Illuminate/Session/Middleware/StartSession.php(121): Illuminate\\Pipeline\\Pipeline->Illuminate\\Pipeline\\{closure}(Object(Illuminate\\Http\\Request))
#39 /home/u217138193/domains/mzgr0up.com/public_html/erp1/vendor/laravel/framework/src/Illuminate/Session/Middleware/StartSession.php(64): Illuminate\\Session\\Middleware\\StartSession->handleStatefulRequest(Object(Illuminate\\Http\\Request), Object(Illuminate\\Session\\Store), Object(Closure))
#40 /home/u217138193/domains/mzgr0up.com/public_html/erp1/vendor/laravel/framework/src/Illuminate/Pipeline/Pipeline.php(167): Illuminate\\Session\\Middleware\\StartSession->handle(Object(Illuminate\\Http\\Request), Object(Closure))
#41 /home/u217138193/domains/mzgr0up.com/public_html/erp1/vendor/laravel/framework/src/Illuminate/Cookie/Middleware/AddQueuedCookiesToResponse.php(37): Illuminate\\Pipeline\\Pipeline->Illuminate\\Pipeline\\{closure}(Object(Illuminate\\Http\\Request))
#42 /home/u217138193/domains/mzgr0up.com/public_html/erp1/vendor/laravel/framework/src/Illuminate/Pipeline/Pipeline.php(167): Illuminate\\Cookie\\Middleware\\AddQueuedCookiesToResponse->handle(Object(Illuminate\\Http\\Request), Object(Closure))
#43 /home/u217138193/domains/mzgr0up.com/public_html/erp1/vendor/laravel/framework/src/Illuminate/Cookie/Middleware/EncryptCookies.php(67): Illuminate\\Pipeline\\Pipeline->Illuminate\\Pipeline\\{closure}(Object(Illuminate\\Http\\Request))
#44 /home/u217138193/domains/mzgr0up.com/public_html/erp1/vendor/laravel/framework/src/Illuminate/Pipeline/Pipeline.php(167): Illuminate\\Cookie\\Middleware\\EncryptCookies->handle(Object(Illuminate\\Http\\Request), Object(Closure))
#45 /home/u217138193/domains/mzgr0up.com/public_html/erp1/vendor/laravel/framework/src/Illuminate/Pipeline/Pipeline.php(103): Illuminate\\Pipeline\\Pipeline->Illuminate\\Pipeline\\{closure}(Object(Illuminate\\Http\\Request))
#46 /home/u217138193/domains/mzgr0up.com/public_html/erp1/vendor/laravel/framework/src/Illuminate/Routing/Router.php(723): Illuminate\\Pipeline\\Pipeline->then(Object(Closure))
#47 /home/u217138193/domains/mzgr0up.com/public_html/erp1/vendor/laravel/framework/src/Illuminate/Routing/Router.php(698): Illuminate\\Routing\\Router->runRouteWithinStack(Object(Illuminate\\Routing\\Route), Object(Illuminate\\Http\\Request))
#48 /home/u217138193/domains/mzgr0up.com/public_html/erp1/vendor/laravel/framework/src/Illuminate/Routing/Router.php(662): Illuminate\\Routing\\Router->runRoute(Object(Illuminate\\Http\\Request), Object(Illuminate\\Routing\\Route))
#49 /home/u217138193/domains/mzgr0up.com/public_html/erp1/vendor/laravel/framework/src/Illuminate/Routing/Router.php(651): Illuminate\\Routing\\Router->dispatchToRoute(Object(Illuminate\\Http\\Request))
#50 /home/u217138193/domains/mzgr0up.com/public_html/erp1/vendor/laravel/framework/src/Illuminate/Foundation/Http/Kernel.php(167): Illuminate\\Routing\\Router->dispatch(Object(Illuminate\\Http\\Request))
#51 /home/u217138193/domains/mzgr0up.com/public_html/erp1/vendor/laravel/framework/src/Illuminate/Pipeline/Pipeline.php(128): Illuminate\\Foundation\\Http\\Kernel->Illuminate\\Foundation\\Http\\{closure}(Object(Illuminate\\Http\\Request))
#52 /home/u217138193/domains/mzgr0up.com/public_html/erp1/vendor/livewire/livewire/src/DisableBrowserCache.php(19): Illuminate\\Pipeline\\Pipeline->Illuminate\\Pipeline\\{closure}(Object(Illuminate\\Http\\Request))
#53 /home/u217138193/domains/mzgr0up.com/public_html/erp1/vendor/laravel/framework/src/Illuminate/Pipeline/Pipeline.php(167): Livewire\\DisableBrowserCache->handle(Object(Illuminate\\Http\\Request), Object(Closure))
#54 /home/u217138193/domains/mzgr0up.com/public_html/erp1/vendor/barryvdh/laravel-debugbar/src/Middleware/InjectDebugbar.php(60): Illuminate\\Pipeline\\Pipeline->Illuminate\\Pipeline\\{closure}(Object(Illuminate\\Http\\Request))
#55 /home/u217138193/domains/mzgr0up.com/public_html/erp1/vendor/laravel/framework/src/Illuminate/Pipeline/Pipeline.php(167): Barryvdh\\Debugbar\\Middleware\\InjectDebugbar->handle(Object(Illuminate\\Http\\Request), Object(Closure))
#56 /home/u217138193/domains/mzgr0up.com/public_html/erp1/vendor/fideloper/proxy/src/TrustProxies.php(57): Illuminate\\Pipeline\\Pipeline->Illuminate\\Pipeline\\{closure}(Object(Illuminate\\Http\\Request))
#57 /home/u217138193/domains/mzgr0up.com/public_html/erp1/vendor/laravel/framework/src/Illuminate/Pipeline/Pipeline.php(167): Fideloper\\Proxy\\TrustProxies->handle(Object(Illuminate\\Http\\Request), Object(Closure))
#58 /home/u217138193/domains/mzgr0up.com/public_html/erp1/vendor/laravel/framework/src/Illuminate/Foundation/Http/Middleware/TransformsRequest.php(21): Illuminate\\Pipeline\\Pipeline->Illuminate\\Pipeline\\{closure}(Object(Illuminate\\Http\\Request))
#59 /home/u217138193/domains/mzgr0up.com/public_html/erp1/vendor/laravel/framework/src/Illuminate/Foundation/Http/Middleware/ConvertEmptyStringsToNull.php(31): Illuminate\\Foundation\\Http\\Middleware\\TransformsRequest->handle(Object(Illuminate\\Http\\Request), Object(Closure))
#60 /home/u217138193/domains/mzgr0up.com/public_html/erp1/vendor/laravel/framework/src/Illuminate/Pipeline/Pipeline.php(167): Illuminate\\Foundation\\Http\\Middleware\\ConvertEmptyStringsToNull->handle(Object(Illuminate\\Http\\Request), Object(Closure))
#61 /home/u217138193/domains/mzgr0up.com/public_html/erp1/vendor/laravel/framework/src/Illuminate/Foundation/Http/Middleware/TransformsRequest.php(21): Illuminate\\Pipeline\\Pipeline->Illuminate\\Pipeline\\{closure}(Object(Illuminate\\Http\\Request))
#62 /home/u217138193/domains/mzgr0up.com/public_html/erp1/vendor/laravel/framework/src/Illuminate/Foundation/Http/Middleware/TrimStrings.php(40): Illuminate\\Foundation\\Http\\Middleware\\TransformsRequest->handle(Object(Illuminate\\Http\\Request), Object(Closure))
#63 /home/u217138193/domains/mzgr0up.com/public_html/erp1/vendor/laravel/framework/src/Illuminate/Pipeline/Pipeline.php(167): Illuminate\\Foundation\\Http\\Middleware\\TrimStrings->handle(Object(Illuminate\\Http\\Request), Object(Closure))
#64 /home/u217138193/domains/mzgr0up.com/public_html/erp1/vendor/laravel/framework/src/Illuminate/Foundation/Http/Middleware/ValidatePostSize.php(27): Illuminate\\Pipeline\\Pipeline->Illuminate\\Pipeline\\{closure}(Object(Illuminate\\Http\\Request))
#65 /home/u217138193/domains/mzgr0up.com/public_html/erp1/vendor/laravel/framework/src/Illuminate/Pipeline/Pipeline.php(167): Illuminate\\Foundation\\Http\\Middleware\\ValidatePostSize->handle(Object(Illuminate\\Http\\Request), Object(Closure))
#66 /home/u217138193/domains/mzgr0up.com/public_html/erp1/vendor/laravel/framework/src/Illuminate/Foundation/Http/Middleware/PreventRequestsDuringMaintenance.php(86): Illuminate\\Pipeline\\Pipeline->Illuminate\\Pipeline\\{closure}(Object(Illuminate\\Http\\Request))
#67 /home/u217138193/domains/mzgr0up.com/public_html/erp1/vendor/laravel/framework/src/Illuminate/Pipeline/Pipeline.php(167): Illuminate\\Foundation\\Http\\Middleware\\PreventRequestsDuringMaintenance->handle(Object(Illuminate\\Http\\Request), Object(Closure))
#68 /home/u217138193/domains/mzgr0up.com/public_html/erp1/vendor/laravel/framework/src/Illuminate/Pipeline/Pipeline.php(103): Illuminate\\Pipeline\\Pipeline->Illuminate\\Pipeline\\{closure}(Object(Illuminate\\Http\\Request))
#69 /home/u217138193/domains/mzgr0up.com/public_html/erp1/vendor/laravel/framework/src/Illuminate/Foundation/Http/Kernel.php(142): Illuminate\\Pipeline\\Pipeline->then(Object(Closure))
#70 /home/u217138193/domains/mzgr0up.com/public_html/erp1/vendor/laravel/framework/src/Illuminate/Foundation/Http/Kernel.php(111): Illuminate\\Foundation\\Http\\Kernel->sendRequestThroughRouter(Object(Illuminate\\Http\\Request))
#71 /home/u217138193/domains/mzgr0up.com/public_html/erp1/public/index.php(53): Illuminate\\Foundation\\Http\\Kernel->handle(Object(Illuminate\\Http\\Request))
#72 {main}

[previous exception] [object] (ErrorException(code: 0): Undefined index: opening_stock_by_sp at /home/u217138193/domains/mzgr0up.com/public_html/erp1/storage/framework/views/fc1064339ba7fe0ae94c7fdef20dfbc32d468a2e.php:13)
[stacktrace]
#0 /home/u217138193/domains/mzgr0up.com/public_html/erp1/storage/framework/views/fc1064339ba7fe0ae94c7fdef20dfbc32d468a2e.php(13): Illuminate\\Foundation\\Bootstrap\\HandleExceptions->handleError(8, 'Undefined index...', '/home/u21713819...', 13, Array)
#1 /home/u217138193/domains/mzgr0up.com/public_html/erp1/vendor/laravel/framework/src/Illuminate/Filesystem/Filesystem.php(107): require('/home/u21713819...')
#2 /home/u217138193/domains/mzgr0up.com/public_html/erp1/vendor/laravel/framework/src/Illuminate/Filesystem/Filesystem.php(108): Illuminate\\Filesystem\\Filesystem::Illuminate\\Filesystem\\{closure}()
#3 /home/u217138193/domains/mzgr0up.com/public_html/erp1/vendor/laravel/framework/src/Illuminate/View/Engines/PhpEngine.php(58): Illuminate\\Filesystem\\Filesystem->getRequire('/home/u21713819...', Array)
#4 /home/u217138193/domains/mzgr0up.com/public_html/erp1/vendor/livewire/livewire/src/ComponentConcerns/RendersLivewireComponents.php(69): Illuminate\\View\\Engines\\PhpEngine->evaluatePath('/home/u21713819...', Array)
#5 /home/u217138193/domains/mzgr0up.com/public_html/erp1/vendor/laravel/framework/src/Illuminate/View/Engines/CompilerEngine.php(61): Livewire\\CompilerEngineForIgnition->evaluatePath('/home/u21713819...', Array)
#6 /home/u217138193/domains/mzgr0up.com/public_html/erp1/vendor/facade/ignition/src/Views/Engines/CompilerEngine.php(37): Illuminate\\View\\Engines\\CompilerEngine->get('/home/u21713819...', Array)
#7 /home/u217138193/domains/mzgr0up.com/public_html/erp1/vendor/livewire/livewire/src/ComponentConcerns/RendersLivewireComponents.php(35): Facade\\Ignition\\Views\\Engines\\CompilerEngine->get('/home/u21713819...', Array)
#8 /home/u217138193/domains/mzgr0up.com/public_html/erp1/vendor/laravel/framework/src/Illuminate/View/View.php(139): Livewire\\CompilerEngineForIgnition->get('/home/u21713819...', Array)
#9 /home/u217138193/domains/mzgr0up.com/public_html/erp1/vendor/laravel/framework/src/Illuminate/View/View.php(122): Illuminate\\View\\View->getContents()
#10 /home/u217138193/domains/mzgr0up.com/public_html/erp1/vendor/laravel/framework/src/Illuminate/View/View.php(91): Illuminate\\View\\View->renderContents()
#11 /home/u217138193/domains/mzgr0up.com/public_html/erp1/app/Http/Controllers/ReportController.php(80): Illuminate\\View\\View->render()
#12 /home/u217138193/domains/mzgr0up.com/public_html/erp1/vendor/laravel/framework/src/Illuminate/Routing/Controller.php(54): App\\Http\\Controllers\\ReportController->getProfitLoss(Object(Illuminate\\Http\\Request))
#13 /home/u217138193/domains/mzgr0up.com/public_html/erp1/vendor/laravel/framework/src/Illuminate/Routing/ControllerDispatcher.php(45): Illuminate\\Routing\\Controller->callAction('getProfitLoss', Array)
#14 /home/u217138193/domains/mzgr0up.com/public_html/erp1/vendor/laravel/framework/src/Illuminate/Routing/Route.php(262): Illuminate\\Routing\\ControllerDispatcher->dispatch(Object(Illuminate\\Routing\\Route), Object(App\\Http\\Controllers\\ReportController), 'getProfitLoss')
#15 /home/u217138193/domains/mzgr0up.com/public_html/erp1/vendor/laravel/framework/src/Illuminate/Routing/Route.php(205): Illuminate\\Routing\\Route->runController()
#16 /home/u217138193/domains/mzgr0up.com/public_html/erp1/vendor/laravel/framework/src/Illuminate/Routing/Router.php(721): Illuminate\\Routing\\Route->run()
#17 /home/u217138193/domains/mzgr0up.com/public_html/erp1/vendor/laravel/framework/src/Illuminate/Pipeline/Pipeline.php(128): Illuminate\\Routing\\Router->Illuminate\\Routing\\{closure}(Object(Illuminate\\Http\\Request))
#18 /home/u217138193/domains/mzgr0up.com/public_html/erp1/app/Http/Middleware/CheckUserLogin.php(22): Illuminate\\Pipeline\\Pipeline->Illuminate\\Pipeline\\{closure}(Object(Illuminate\\Http\\Request))
#19 /home/u217138193/domains/mzgr0up.com/public_html/erp1/vendor/laravel/framework/src/Illuminate/Pipeline/Pipeline.php(167): App\\Http\\Middleware\\CheckUserLogin->handle(Object(Illuminate\\Http\\Request), Object(Closure))
#20 /home/u217138193/domains/mzgr0up.com/public_html/erp1/app/Http/Middleware/AdminSidebarMenu.php(21): Illuminate\\Pipeline\\Pipeline->Illuminate\\Pipeline\\{closure}(Object(Illuminate\\Http\\Request))
#21 /home/u217138193/domains/mzgr0up.com/public_html/erp1/vendor/laravel/framework/src/Illuminate/Pipeline/Pipeline.php(167): App\\Http\\Middleware\\AdminSidebarMenu->handle(Object(Illuminate\\Http\\Request), Object(Closure))
#22 /home/u217138193/domains/mzgr0up.com/public_html/erp1/app/Http/Middleware/Timezone.php(30): Illuminate\\Pipeline\\Pipeline->Illuminate\\Pipeline\\{closure}(Object(Illuminate\\Http\\Request))
#23 /home/u217138193/domains/mzgr0up.com/public_html/erp1/vendor/laravel/framework/src/Illuminate/Pipeline/Pipeline.php(167): App\\Http\\Middleware\\Timezone->handle(Object(Illuminate\\Http\\Request), Object(Closure))
#24 /home/u217138193/domains/mzgr0up.com/public_html/erp1/app/Http/Middleware/Language.php(27): Illuminate\\Pipeline\\Pipeline->Illuminate\\Pipeline\\{closure}(Object(Illuminate\\Http\\Request))
#25 /home/u217138193/domains/mzgr0up.com/public_html/erp1/vendor/laravel/framework/src/Illuminate/Pipeline/Pipeline.php(167): App\\Http\\Middleware\\Language->handle(Object(Illuminate\\Http\\Request), Object(Closure))
#26 /home/u217138193/domains/mzgr0up.com/public_html/erp1/app/Http/Middleware/SetSessionData.php(58): Illuminate\\Pipeline\\Pipeline->Illuminate\\Pipeline\\{closure}(Object(Illuminate\\Http\\Request))
#27 /home/u217138193/domains/mzgr0up.com/public_html/erp1/vendor/laravel/framework/src/Illuminate/Pipeline/Pipeline.php(167): App\\Http\\Middleware\\SetSessionData->handle(Object(Illuminate\\Http\\Request), Object(Closure))
#28 /home/u217138193/domains/mzgr0up.com/public_html/erp1/app/Http/Middleware/IsInstalled.php(26): Illuminate\\Pipeline\\Pipeline->Illuminate\\Pipeline\\{closure}(Object(Illuminate\\Http\\Request))
#29 /home/u217138193/domains/mzgr0up.com/public_html/erp1/vendor/laravel/framework/src/Illuminate/Pipeline/Pipeline.php(167): App\\Http\\Middleware\\IsInstalled->handle(Object(Illuminate\\Http\\Request), Object(Closure))
#30 /home/u217138193/domains/mzgr0up.com/public_html/erp1/vendor/laravel/framework/src/Illuminate/Routing/Middleware/SubstituteBindings.php(50): Illuminate\\Pipeline\\Pipeline->Illuminate\\Pipeline\\{closure}(Object(Illuminate\\Http\\Request))
#31 /home/u217138193/domains/mzgr0up.com/public_html/erp1/vendor/laravel/framework/src/Illuminate/Pipeline/Pipeline.php(167): Illuminate\\Routing\\Middleware\\SubstituteBindings->handle(Object(Illuminate\\Http\\Request), Object(Closure))
#32 /home/u217138193/domains/mzgr0up.com/public_html/erp1/vendor/laravel/framework/src/Illuminate/Auth/Middleware/Authenticate.php(44): Illuminate\\Pipeline\\Pipeline->Illuminate\\Pipeline\\{closure}(Object(Illuminate\\Http\\Request))
#33 /home/u217138193/domains/mzgr0up.com/public_html/erp1/vendor/laravel/framework/src/Illuminate/Pipeline/Pipeline.php(167): Illuminate\\Auth\\Middleware\\Authenticate->handle(Object(Illuminate\\Http\\Request), Object(Closure))
#34 /home/u217138193/domains/mzgr0up.com/public_html/erp1/vendor/laravel/framework/src/Illuminate/Foundation/Http/Middleware/VerifyCsrfToken.php(78): Illuminate\\Pipeline\\Pipeline->Illuminate\\Pipeline\\{closure}(Object(Illuminate\\Http\\Request))
#35 /home/u217138193/domains/mzgr0up.com/public_html/erp1/vendor/laravel/framework/src/Illuminate/Pipeline/Pipeline.php(167): Illuminate\\Foundation\\Http\\Middleware\\VerifyCsrfToken->handle(Object(Illuminate\\Http\\Request), Object(Closure))
#36 /home/u217138193/domains/mzgr0up.com/public_html/erp1/vendor/laravel/framework/src/Illuminate/View/Middleware/ShareErrorsFromSession.php(49): Illuminate\\Pipeline\\Pipeline->Illuminate\\Pipeline\\{closure}(Object(Illuminate\\Http\\Request))
#37 /home/u217138193/domains/mzgr0up.com/public_html/erp1/vendor/laravel/framework/src/Illuminate/Pipeline/Pipeline.php(167): Illuminate\\View\\Middleware\\ShareErrorsFromSession->handle(Object(Illuminate\\Http\\Request), Object(Closure))
#38 /home/u217138193/domains/mzgr0up.com/public_html/erp1/vendor/laravel/framework/src/Illuminate/Session/Middleware/StartSession.php(121): Illuminate\\Pipeline\\Pipeline->Illuminate\\Pipeline\\{closure}(Object(Illuminate\\Http\\Request))
#39 /home/u217138193/domains/mzgr0up.com/public_html/erp1/vendor/laravel/framework/src/Illuminate/Session/Middleware/StartSession.php(64): Illuminate\\Session\\Middleware\\StartSession->handleStatefulRequest(Object(Illuminate\\Http\\Request), Object(Illuminate\\Session\\Store), Object(Closure))
#40 /home/u217138193/domains/mzgr0up.com/public_html/erp1/vendor/laravel/framework/src/Illuminate/Pipeline/Pipeline.php(167): Illuminate\\Session\\Middleware\\StartSession->handle(Object(Illuminate\\Http\\Request), Object(Closure))
#41 /home/u217138193/domains/mzgr0up.com/public_html/erp1/vendor/laravel/framework/src/Illuminate/Cookie/Middleware/AddQueuedCookiesToResponse.php(37): Illuminate\\Pipeline\\Pipeline->Illuminate\\Pipeline\\{closure}(Object(Illuminate\\Http\\Request))
#42 /home/u217138193/domains/mzgr0up.com/public_html/erp1/vendor/laravel/framework/src/Illuminate/Pipeline/Pipeline.php(167): Illuminate\\Cookie\\Middleware\\AddQueuedCookiesToResponse->handle(Object(Illuminate\\Http\\Request), Object(Closure))
#43 /home/u217138193/domains/mzgr0up.com/public_html/erp1/vendor/laravel/framework/src/Illuminate/Cookie/Middleware/EncryptCookies.php(67): Illuminate\\Pipeline\\Pipeline->Illuminate\\Pipeline\\{closure}(Object(Illuminate\\Http\\Request))
#44 /home/u217138193/domains/mzgr0up.com/public_html/erp1/vendor/laravel/framework/src/Illuminate/Pipeline/Pipeline.php(167): Illuminate\\Cookie\\Middleware\\EncryptCookies->handle(Object(Illuminate\\Http\\Request), Object(Closure))
#45 /home/u217138193/domains/mzgr0up.com/public_html/erp1/vendor/laravel/framework/src/Illuminate/Pipeline/Pipeline.php(103): Illuminate\\Pipeline\\Pipeline->Illuminate\\Pipeline\\{closure}(Object(Illuminate\\Http\\Request))
#46 /home/u217138193/domains/mzgr0up.com/public_html/erp1/vendor/laravel/framework/src/Illuminate/Routing/Router.php(723): Illuminate\\Pipeline\\Pipeline->then(Object(Closure))
#47 /home/u217138193/domains/mzgr0up.com/public_html/erp1/vendor/laravel/framework/src/Illuminate/Routing/Router.php(698): Illuminate\\Routing\\Router->runRouteWithinStack(Object(Illuminate\\Routing\\Route), Object(Illuminate\\Http\\Request))
#48 /home/u217138193/domains/mzgr0up.com/public_html/erp1/vendor/laravel/framework/src/Illuminate/Routing/Router.php(662): Illuminate\\Routing\\Router->runRoute(Object(Illuminate\\Http\\Request), Object(Illuminate\\Routing\\Route))
#49 /home/u217138193/domains/mzgr0up.com/public_html/erp1/vendor/laravel/framework/src/Illuminate/Routing/Router.php(651): Illuminate\\Routing\\Router->dispatchToRoute(Object(Illuminate\\Http\\Request))
#50 /home/u217138193/domains/mzgr0up.com/public_html/erp1/vendor/laravel/framework/src/Illuminate/Foundation/Http/Kernel.php(167): Illuminate\\Routing\\Router->dispatch(Object(Illuminate\\Http\\Request))
#51 /home/u217138193/domains/mzgr0up.com/public_html/erp1/vendor/laravel/framework/src/Illuminate/Pipeline/Pipeline.php(128): Illuminate\\Foundation\\Http\\Kernel->Illuminate\\Foundation\\Http\\{closure}(Object(Illuminate\\Http\\Request))
#52 /home/u217138193/domains/mzgr0up.com/public_html/erp1/vendor/livewire/livewire/src/DisableBrowserCache.php(19): Illuminate\\Pipeline\\Pipeline->Illuminate\\Pipeline\\{closure}(Object(Illuminate\\Http\\Request))
#53 /home/u217138193/domains/mzgr0up.com/public_html/erp1/vendor/laravel/framework/src/Illuminate/Pipeline/Pipeline.php(167): Livewire\\DisableBrowserCache->handle(Object(Illuminate\\Http\\Request), Object(Closure))
#54 /home/u217138193/domains/mzgr0up.com/public_html/erp1/vendor/barryvdh/laravel-debugbar/src/Middleware/InjectDebugbar.php(60): Illuminate\\Pipeline\\Pipeline->Illuminate\\Pipeline\\{closure}(Object(Illuminate\\Http\\Request))
#55 /home/u217138193/domains/mzgr0up.com/public_html/erp1/vendor/laravel/framework/src/Illuminate/Pipeline/Pipeline.php(167): Barryvdh\\Debugbar\\Middleware\\InjectDebugbar->handle(Object(Illuminate\\Http\\Request), Object(Closure))
#56 /home/u217138193/domains/mzgr0up.com/public_html/erp1/vendor/fideloper/proxy/src/TrustProxies.php(57): Illuminate\\Pipeline\\Pipeline->Illuminate\\Pipeline\\{closure}(Object(Illuminate\\Http\\Request))
#57 /home/u217138193/domains/mzgr0up.com/public_html/erp1/vendor/laravel/framework/src/Illuminate/Pipeline/Pipeline.php(167): Fideloper\\Proxy\\TrustProxies->handle(Object(Illuminate\\Http\\Request), Object(Closure))
#58 /home/u217138193/domains/mzgr0up.com/public_html/erp1/vendor/laravel/framework/src/Illuminate/Foundation/Http/Middleware/TransformsRequest.php(21): Illuminate\\Pipeline\\Pipeline->Illuminate\\Pipeline\\{closure}(Object(Illuminate\\Http\\Request))
#59 /home/u217138193/domains/mzgr0up.com/public_html/erp1/vendor/laravel/framework/src/Illuminate/Foundation/Http/Middleware/ConvertEmptyStringsToNull.php(31): Illuminate\\Foundation\\Http\\Middleware\\TransformsRequest->handle(Object(Illuminate\\Http\\Request), Object(Closure))
#60 /home/u217138193/domains/mzgr0up.com/public_html/erp1/vendor/laravel/framework/src/Illuminate/Pipeline/Pipeline.php(167): Illuminate\\Foundation\\Http\\Middleware\\ConvertEmptyStringsToNull->handle(Object(Illuminate\\Http\\Request), Object(Closure))
#61 /home/u217138193/domains/mzgr0up.com/public_html/erp1/vendor/laravel/framework/src/Illuminate/Foundation/Http/Middleware/TransformsRequest.php(21): Illuminate\\Pipeline\\Pipeline->Illuminate\\Pipeline\\{closure}(Object(Illuminate\\Http\\Request))
#62 /home/u217138193/domains/mzgr0up.com/public_html/erp1/vendor/laravel/framework/src/Illuminate/Foundation/Http/Middleware/TrimStrings.php(40): Illuminate\\Foundation\\Http\\Middleware\\TransformsRequest->handle(Object(Illuminate\\Http\\Request), Object(Closure))
#63 /home/u217138193/domains/mzgr0up.com/public_html/erp1/vendor/laravel/framework/src/Illuminate/Pipeline/Pipeline.php(167): Illuminate\\Foundation\\Http\\Middleware\\TrimStrings->handle(Object(Illuminate\\Http\\Request), Object(Closure))
#64 /home/u217138193/domains/mzgr0up.com/public_html/erp1/vendor/laravel/framework/src/Illuminate/Foundation/Http/Middleware/ValidatePostSize.php(27): Illuminate\\Pipeline\\Pipeline->Illuminate\\Pipeline\\{closure}(Object(Illuminate\\Http\\Request))
#65 /home/u217138193/domains/mzgr0up.com/public_html/erp1/vendor/laravel/framework/src/Illuminate/Pipeline/Pipeline.php(167): Illuminate\\Foundation\\Http\\Middleware\\ValidatePostSize->handle(Object(Illuminate\\Http\\Request), Object(Closure))
#66 /home/u217138193/domains/mzgr0up.com/public_html/erp1/vendor/laravel/framework/src/Illuminate/Foundation/Http/Middleware/PreventRequestsDuringMaintenance.php(86): Illuminate\\Pipeline\\Pipeline->Illuminate\\Pipeline\\{closure}(Object(Illuminate\\Http\\Request))
#67 /home/u217138193/domains/mzgr0up.com/public_html/erp1/vendor/laravel/framework/src/Illuminate/Pipeline/Pipeline.php(167): Illuminate\\Foundation\\Http\\Middleware\\PreventRequestsDuringMaintenance->handle(Object(Illuminate\\Http\\Request), Object(Closure))
#68 /home/u217138193/domains/mzgr0up.com/public_html/erp1/vendor/laravel/framework/src/Illuminate/Pipeline/Pipeline.php(103): Illuminate\\Pipeline\\Pipeline->Illuminate\\Pipeline\\{closure}(Object(Illuminate\\Http\\Request))
#69 /home/u217138193/domains/mzgr0up.com/public_html/erp1/vendor/laravel/framework/src/Illuminate/Foundation/Http/Kernel.php(142): Illuminate\\Pipeline\\Pipeline->then(Object(Closure))
#70 /home/u217138193/domains/mzgr0up.com/public_html/erp1/vendor/laravel/framework/src/Illuminate/Foundation/Http/Kernel.php(111): Illuminate\\Foundation\\Http\\Kernel->sendRequestThroughRouter(Object(Illuminate\\Http\\Request))
#71 /home/u217138193/domains/mzgr0up.com/public_html/erp1/public/index.php(53): Illuminate\\Foundation\\Http\\Kernel->handle(Object(Illuminate\\Http\\Request))
#72 {main}
"} 
