[2023-07-21 14:05:41] local.ERROR: could not find driver (SQL: select * from `system` where `key` = crm_version limit 1) {"exception":"[object] (Illuminate\\Database\\QueryException(code: 0): could not find driver (SQL: select * from `system` where `key` = crm_version limit 1) at C:\\Users\\BG\\Desktop\\erp\\erp1(10)\\vendor\\laravel\\framework\\src\\Illuminate\\Database\\Connection.php:712)
[stacktrace]
#0 C:\\Users\\BG\\Desktop\\erp\\erp1(10)\\vendor\\laravel\\framework\\src\\Illuminate\\Database\\Connection.php(672): Illuminate\\Database\\Connection->runQueryCallback('select * from `...', Array, Object(Closure))
#1 C:\\Users\\BG\\Desktop\\erp\\erp1(10)\\vendor\\laravel\\framework\\src\\Illuminate\\Database\\Connection.php(359): Illuminate\\Database\\Connection->run('select * from `...', Array, Object(Closure))
#2 C:\\Users\\BG\\Desktop\\erp\\erp1(10)\\vendor\\laravel\\framework\\src\\Illuminate\\Database\\Query\\Builder.php(2413): Illuminate\\Database\\Connection->select('select * from `...', Array, true)
#3 C:\\Users\\BG\\Desktop\\erp\\erp1(10)\\vendor\\laravel\\framework\\src\\Illuminate\\Database\\Query\\Builder.php(2402): Illuminate\\Database\\Query\\Builder->runSelect()
#4 C:\\Users\\BG\\Desktop\\erp\\erp1(10)\\vendor\\laravel\\framework\\src\\Illuminate\\Database\\Query\\Builder.php(2936): Illuminate\\Database\\Query\\Builder->Illuminate\\Database\\Query\\{closure}()
#5 C:\\Users\\BG\\Desktop\\erp\\erp1(10)\\vendor\\laravel\\framework\\src\\Illuminate\\Database\\Query\\Builder.php(2401): Illuminate\\Database\\Query\\Builder->onceWithColumns(Array, Object(Closure))
#6 C:\\Users\\BG\\Desktop\\erp\\erp1(10)\\vendor\\laravel\\framework\\src\\Illuminate\\Database\\Eloquent\\Builder.php(625): Illuminate\\Database\\Query\\Builder->get(Array)
#7 C:\\Users\\BG\\Desktop\\erp\\erp1(10)\\vendor\\laravel\\framework\\src\\Illuminate\\Database\\Eloquent\\Builder.php(609): Illuminate\\Database\\Eloquent\\Builder->getModels(Array)
#8 C:\\Users\\BG\\Desktop\\erp\\erp1(10)\\vendor\\laravel\\framework\\src\\Illuminate\\Database\\Concerns\\BuildsQueries.php(294): Illuminate\\Database\\Eloquent\\Builder->get(Array)
#9 C:\\Users\\BG\\Desktop\\erp\\erp1(10)\\app\\System.php(39): Illuminate\\Database\\Eloquent\\Builder->first()
#10 C:\\Users\\BG\\Desktop\\erp\\erp1(10)\\app\\Utils\\ModuleUtil.php(29): App\\System::getProperty('crm_version')
#11 C:\\Users\\BG\\Desktop\\erp\\erp1(10)\\Modules\\Crm\\Providers\\CrmServiceProvider.php(177): App\\Utils\\ModuleUtil->isModuleInstalled('Crm')
#12 C:\\Users\\BG\\Desktop\\erp\\erp1(10)\\Modules\\Crm\\Providers\\CrmServiceProvider.php(47): Modules\\Crm\\Providers\\CrmServiceProvider->registerScheduleCommands()
#13 C:\\Users\\BG\\Desktop\\erp\\erp1(10)\\vendor\\laravel\\framework\\src\\Illuminate\\Container\\BoundMethod.php(36): Modules\\Crm\\Providers\\CrmServiceProvider->boot()
#14 C:\\Users\\BG\\Desktop\\erp\\erp1(10)\\vendor\\laravel\\framework\\src\\Illuminate\\Container\\Util.php(40): Illuminate\\Container\\BoundMethod::Illuminate\\Container\\{closure}()
#15 C:\\Users\\BG\\Desktop\\erp\\erp1(10)\\vendor\\laravel\\framework\\src\\Illuminate\\Container\\BoundMethod.php(93): Illuminate\\Container\\Util::unwrapIfClosure(Object(Closure))
#16 C:\\Users\\BG\\Desktop\\erp\\erp1(10)\\vendor\\laravel\\framework\\src\\Illuminate\\Container\\BoundMethod.php(35): Illuminate\\Container\\BoundMethod::callBoundMethod(Object(Illuminate\\Foundation\\Application), Array, Object(Closure))
#17 C:\\Users\\BG\\Desktop\\erp\\erp1(10)\\vendor\\laravel\\framework\\src\\Illuminate\\Container\\Container.php(653): Illuminate\\Container\\BoundMethod::call(Object(Illuminate\\Foundation\\Application), Array, Array, NULL)
#18 C:\\Users\\BG\\Desktop\\erp\\erp1(10)\\vendor\\laravel\\framework\\src\\Illuminate\\Foundation\\Application.php(924): Illuminate\\Container\\Container->call(Array)
#19 C:\\Users\\BG\\Desktop\\erp\\erp1(10)\\vendor\\laravel\\framework\\src\\Illuminate\\Foundation\\Application.php(905): Illuminate\\Foundation\\Application->bootProvider(Object(Modules\\Crm\\Providers\\CrmServiceProvider))
#20 [internal function]: Illuminate\\Foundation\\Application->Illuminate\\Foundation\\{closure}(Object(Modules\\Crm\\Providers\\CrmServiceProvider), 56)
#21 C:\\Users\\BG\\Desktop\\erp\\erp1(10)\\vendor\\laravel\\framework\\src\\Illuminate\\Foundation\\Application.php(904): array_walk(Array, Object(Closure))
#22 C:\\Users\\BG\\Desktop\\erp\\erp1(10)\\vendor\\laravel\\framework\\src\\Illuminate\\Foundation\\Bootstrap\\BootProviders.php(17): Illuminate\\Foundation\\Application->boot()
#23 C:\\Users\\BG\\Desktop\\erp\\erp1(10)\\vendor\\laravel\\framework\\src\\Illuminate\\Foundation\\Application.php(237): Illuminate\\Foundation\\Bootstrap\\BootProviders->bootstrap(Object(Illuminate\\Foundation\\Application))
#24 C:\\Users\\BG\\Desktop\\erp\\erp1(10)\\vendor\\laravel\\framework\\src\\Illuminate\\Foundation\\Console\\Kernel.php(310): Illuminate\\Foundation\\Application->bootstrapWith(Array)
#25 C:\\Users\\BG\\Desktop\\erp\\erp1(10)\\vendor\\laravel\\framework\\src\\Illuminate\\Foundation\\Console\\Kernel.php(127): Illuminate\\Foundation\\Console\\Kernel->bootstrap()
#26 C:\\Users\\BG\\Desktop\\erp\\erp1(10)\\artisan(35): Illuminate\\Foundation\\Console\\Kernel->handle(Object(Symfony\\Component\\Console\\Input\\ArgvInput), Object(Symfony\\Component\\Console\\Output\\ConsoleOutput))
#27 {main}

[previous exception] [object] (PDOException(code: 0): could not find driver at C:\\Users\\BG\\Desktop\\erp\\erp1(10)\\vendor\\laravel\\framework\\src\\Illuminate\\Database\\Connectors\\Connector.php:70)
[stacktrace]
#0 C:\\Users\\BG\\Desktop\\erp\\erp1(10)\\vendor\\laravel\\framework\\src\\Illuminate\\Database\\Connectors\\Connector.php(70): PDO->__construct('mysql:host=loca...', 'u217138193_erp1', Object(SensitiveParameterValue), Array)
#1 C:\\Users\\BG\\Desktop\\erp\\erp1(10)\\vendor\\laravel\\framework\\src\\Illuminate\\Database\\Connectors\\Connector.php(45): Illuminate\\Database\\Connectors\\Connector->createPdoConnection('mysql:host=loca...', 'u217138193_erp1', '123456789Aa', Array)
#2 C:\\Users\\BG\\Desktop\\erp\\erp1(10)\\vendor\\laravel\\framework\\src\\Illuminate\\Database\\Connectors\\MySqlConnector.php(24): Illuminate\\Database\\Connectors\\Connector->createConnection('mysql:host=loca...', Array, Array)
#3 C:\\Users\\BG\\Desktop\\erp\\erp1(10)\\vendor\\laravel\\framework\\src\\Illuminate\\Database\\Connectors\\ConnectionFactory.php(184): Illuminate\\Database\\Connectors\\MySqlConnector->connect(Array)
#4 [internal function]: Illuminate\\Database\\Connectors\\ConnectionFactory->Illuminate\\Database\\Connectors\\{closure}()
#5 C:\\Users\\BG\\Desktop\\erp\\erp1(10)\\vendor\\laravel\\framework\\src\\Illuminate\\Database\\Connection.php(1064): call_user_func(Object(Closure))
#6 C:\\Users\\BG\\Desktop\\erp\\erp1(10)\\vendor\\laravel\\framework\\src\\Illuminate\\Database\\Connection.php(1100): Illuminate\\Database\\Connection->getPdo()
#7 C:\\Users\\BG\\Desktop\\erp\\erp1(10)\\vendor\\laravel\\framework\\src\\Illuminate\\Database\\Connection.php(442): Illuminate\\Database\\Connection->getReadPdo()
#8 C:\\Users\\BG\\Desktop\\erp\\erp1(10)\\vendor\\laravel\\framework\\src\\Illuminate\\Database\\Connection.php(368): Illuminate\\Database\\Connection->getPdoForSelect(true)
#9 C:\\Users\\BG\\Desktop\\erp\\erp1(10)\\vendor\\laravel\\framework\\src\\Illuminate\\Database\\Connection.php(705): Illuminate\\Database\\Connection->Illuminate\\Database\\{closure}('select * from `...', Array)
#10 C:\\Users\\BG\\Desktop\\erp\\erp1(10)\\vendor\\laravel\\framework\\src\\Illuminate\\Database\\Connection.php(672): Illuminate\\Database\\Connection->runQueryCallback('select * from `...', Array, Object(Closure))
#11 C:\\Users\\BG\\Desktop\\erp\\erp1(10)\\vendor\\laravel\\framework\\src\\Illuminate\\Database\\Connection.php(359): Illuminate\\Database\\Connection->run('select * from `...', Array, Object(Closure))
#12 C:\\Users\\BG\\Desktop\\erp\\erp1(10)\\vendor\\laravel\\framework\\src\\Illuminate\\Database\\Query\\Builder.php(2413): Illuminate\\Database\\Connection->select('select * from `...', Array, true)
#13 C:\\Users\\BG\\Desktop\\erp\\erp1(10)\\vendor\\laravel\\framework\\src\\Illuminate\\Database\\Query\\Builder.php(2402): Illuminate\\Database\\Query\\Builder->runSelect()
#14 C:\\Users\\BG\\Desktop\\erp\\erp1(10)\\vendor\\laravel\\framework\\src\\Illuminate\\Database\\Query\\Builder.php(2936): Illuminate\\Database\\Query\\Builder->Illuminate\\Database\\Query\\{closure}()
#15 C:\\Users\\BG\\Desktop\\erp\\erp1(10)\\vendor\\laravel\\framework\\src\\Illuminate\\Database\\Query\\Builder.php(2401): Illuminate\\Database\\Query\\Builder->onceWithColumns(Array, Object(Closure))
#16 C:\\Users\\BG\\Desktop\\erp\\erp1(10)\\vendor\\laravel\\framework\\src\\Illuminate\\Database\\Eloquent\\Builder.php(625): Illuminate\\Database\\Query\\Builder->get(Array)
#17 C:\\Users\\BG\\Desktop\\erp\\erp1(10)\\vendor\\laravel\\framework\\src\\Illuminate\\Database\\Eloquent\\Builder.php(609): Illuminate\\Database\\Eloquent\\Builder->getModels(Array)
#18 C:\\Users\\BG\\Desktop\\erp\\erp1(10)\\vendor\\laravel\\framework\\src\\Illuminate\\Database\\Concerns\\BuildsQueries.php(294): Illuminate\\Database\\Eloquent\\Builder->get(Array)
#19 C:\\Users\\BG\\Desktop\\erp\\erp1(10)\\app\\System.php(39): Illuminate\\Database\\Eloquent\\Builder->first()
#20 C:\\Users\\BG\\Desktop\\erp\\erp1(10)\\app\\Utils\\ModuleUtil.php(29): App\\System::getProperty('crm_version')
#21 C:\\Users\\BG\\Desktop\\erp\\erp1(10)\\Modules\\Crm\\Providers\\CrmServiceProvider.php(177): App\\Utils\\ModuleUtil->isModuleInstalled('Crm')
#22 C:\\Users\\BG\\Desktop\\erp\\erp1(10)\\Modules\\Crm\\Providers\\CrmServiceProvider.php(47): Modules\\Crm\\Providers\\CrmServiceProvider->registerScheduleCommands()
#23 C:\\Users\\BG\\Desktop\\erp\\erp1(10)\\vendor\\laravel\\framework\\src\\Illuminate\\Container\\BoundMethod.php(36): Modules\\Crm\\Providers\\CrmServiceProvider->boot()
#24 C:\\Users\\BG\\Desktop\\erp\\erp1(10)\\vendor\\laravel\\framework\\src\\Illuminate\\Container\\Util.php(40): Illuminate\\Container\\BoundMethod::Illuminate\\Container\\{closure}()
#25 C:\\Users\\BG\\Desktop\\erp\\erp1(10)\\vendor\\laravel\\framework\\src\\Illuminate\\Container\\BoundMethod.php(93): Illuminate\\Container\\Util::unwrapIfClosure(Object(Closure))
#26 C:\\Users\\BG\\Desktop\\erp\\erp1(10)\\vendor\\laravel\\framework\\src\\Illuminate\\Container\\BoundMethod.php(35): Illuminate\\Container\\BoundMethod::callBoundMethod(Object(Illuminate\\Foundation\\Application), Array, Object(Closure))
#27 C:\\Users\\BG\\Desktop\\erp\\erp1(10)\\vendor\\laravel\\framework\\src\\Illuminate\\Container\\Container.php(653): Illuminate\\Container\\BoundMethod::call(Object(Illuminate\\Foundation\\Application), Array, Array, NULL)
#28 C:\\Users\\BG\\Desktop\\erp\\erp1(10)\\vendor\\laravel\\framework\\src\\Illuminate\\Foundation\\Application.php(924): Illuminate\\Container\\Container->call(Array)
#29 C:\\Users\\BG\\Desktop\\erp\\erp1(10)\\vendor\\laravel\\framework\\src\\Illuminate\\Foundation\\Application.php(905): Illuminate\\Foundation\\Application->bootProvider(Object(Modules\\Crm\\Providers\\CrmServiceProvider))
#30 [internal function]: Illuminate\\Foundation\\Application->Illuminate\\Foundation\\{closure}(Object(Modules\\Crm\\Providers\\CrmServiceProvider), 56)
#31 C:\\Users\\BG\\Desktop\\erp\\erp1(10)\\vendor\\laravel\\framework\\src\\Illuminate\\Foundation\\Application.php(904): array_walk(Array, Object(Closure))
#32 C:\\Users\\BG\\Desktop\\erp\\erp1(10)\\vendor\\laravel\\framework\\src\\Illuminate\\Foundation\\Bootstrap\\BootProviders.php(17): Illuminate\\Foundation\\Application->boot()
#33 C:\\Users\\BG\\Desktop\\erp\\erp1(10)\\vendor\\laravel\\framework\\src\\Illuminate\\Foundation\\Application.php(237): Illuminate\\Foundation\\Bootstrap\\BootProviders->bootstrap(Object(Illuminate\\Foundation\\Application))
#34 C:\\Users\\BG\\Desktop\\erp\\erp1(10)\\vendor\\laravel\\framework\\src\\Illuminate\\Foundation\\Console\\Kernel.php(310): Illuminate\\Foundation\\Application->bootstrapWith(Array)
#35 C:\\Users\\BG\\Desktop\\erp\\erp1(10)\\vendor\\laravel\\framework\\src\\Illuminate\\Foundation\\Console\\Kernel.php(127): Illuminate\\Foundation\\Console\\Kernel->bootstrap()
#36 C:\\Users\\BG\\Desktop\\erp\\erp1(10)\\artisan(35): Illuminate\\Foundation\\Console\\Kernel->handle(Object(Symfony\\Component\\Console\\Input\\ArgvInput), Object(Symfony\\Component\\Console\\Output\\ConsoleOutput))
#37 {main}
"} 
[2023-07-21 14:06:52] local.ERROR: Uncaught Whoops\Exception\ErrorException: Using ${var} in strings is deprecated, use {$var} instead in C:\Users\BG\Desktop\erp\erp1(10)\vendor\facade\ignition\src\SolutionProviders\MergeConflictSolutionProvider.php:52
Stack trace:
#0 C:\Users\BG\Desktop\erp\erp1(10)\vendor\composer\ClassLoader.php(480): Whoops\Run->handleError(8192, 'Using ${var} in...', 'C:\\Users\\BG\\Des...', 52)
#1 C:\Users\BG\Desktop\erp\erp1(10)\vendor\composer\ClassLoader.php(480): include()
#2 C:\Users\BG\Desktop\erp\erp1(10)\vendor\composer\ClassLoader.php(346): Composer\Autoload\includeFile('C:\\Users\\BG\\Des...')
#3 [internal function]: Composer\Autoload\ClassLoader->loadClass('Facade\\Ignition...')
#4 C:\Users\BG\Desktop\erp\erp1(10)\vendor\facade\ignition\src\SolutionProviders\SolutionProviderRepository.php(50): class_implements('Facade\\Ignition...')
#5 [internal function]: Facade\Ignition\SolutionProviders\SolutionProviderRepository->Facade\Ignition\SolutionProviders\{closure}('Facade\\Ignition...', 10)
#6 C:\Users\BG\Desktop\erp\erp1(10)\vendor\laravel\framework\src\Illuminate\Collections\Arr.php(717): array_filter(Array, Object(Closure), 1)
#7 C:\Users\BG\Desktop\erp\erp1(10)\vendor\laravel\framework\src\Illuminate\Collections\Collection.php(358): Illuminate\Support\Arr::where(Array, Object(Closure))
#8 C:\Users\BG\Desktop\erp\erp1(10)\vendor\facade\ignition\src\SolutionProviders\SolutionProviderRepository.php(49): Illuminate\Support\Collection->filter(Object(Closure))
#9 C:\Users\BG\Desktop\erp\erp1(10)\vendor\nunomaduro\collision\src\Adapters\Laravel\IgnitionSolutionsRepository.php(36): Facade\Ignition\SolutionProviders\SolutionProviderRepository->getSolutionsForThrowable(Object(Whoops\Exception\ErrorException))
#10 C:\Users\BG\Desktop\erp\erp1(10)\vendor\nunomaduro\collision\src\Writer.php(244): NunoMaduro\Collision\Adapters\Laravel\IgnitionSolutionsRepository->getFromThrowable(Object(Whoops\Exception\ErrorException))
#11 C:\Users\BG\Desktop\erp\erp1(10)\vendor\nunomaduro\collision\src\Writer.php(123): NunoMaduro\Collision\Writer->renderSolution(Object(Whoops\Exception\Inspector))
#12 C:\Users\BG\Desktop\erp\erp1(10)\vendor\nunomaduro\collision\src\Handler.php(39): NunoMaduro\Collision\Writer->write(Object(Whoops\Exception\Inspector))
#13 C:\Users\BG\Desktop\erp\erp1(10)\vendor\filp\whoops\src\Whoops\Run.php(370): NunoMaduro\Collision\Handler->handle(Object(Whoops\Exception\ErrorException))
#14 [internal function]: Whoops\Run->handleException(Object(Whoops\Exception\ErrorException))
#15 {main}
  thrown {"exception":"[object] (Symfony\\Component\\ErrorHandler\\Error\\FatalError(code: 0): Uncaught Whoops\\Exception\\ErrorException: Using ${var} in strings is deprecated, use {$var} instead in C:\\Users\\BG\\Desktop\\erp\\erp1(10)\\vendor\\facade\\ignition\\src\\SolutionProviders\\MergeConflictSolutionProvider.php:52
Stack trace:
#0 C:\\Users\\BG\\Desktop\\erp\\erp1(10)\\vendor\\composer\\ClassLoader.php(480): Whoops\\Run->handleError(8192, 'Using ${var} in...', 'C:\\\\Users\\\\BG\\\\Des...', 52)
#1 C:\\Users\\BG\\Desktop\\erp\\erp1(10)\\vendor\\composer\\ClassLoader.php(480): include()
#2 C:\\Users\\BG\\Desktop\\erp\\erp1(10)\\vendor\\composer\\ClassLoader.php(346): Composer\\Autoload\\includeFile('C:\\\\Users\\\\BG\\\\Des...')
#3 [internal function]: Composer\\Autoload\\ClassLoader->loadClass('Facade\\\\Ignition...')
#4 C:\\Users\\BG\\Desktop\\erp\\erp1(10)\\vendor\\facade\\ignition\\src\\SolutionProviders\\SolutionProviderRepository.php(50): class_implements('Facade\\\\Ignition...')
#5 [internal function]: Facade\\Ignition\\SolutionProviders\\SolutionProviderRepository->Facade\\Ignition\\SolutionProviders\\{closure}('Facade\\\\Ignition...', 10)
#6 C:\\Users\\BG\\Desktop\\erp\\erp1(10)\\vendor\\laravel\\framework\\src\\Illuminate\\Collections\\Arr.php(717): array_filter(Array, Object(Closure), 1)
#7 C:\\Users\\BG\\Desktop\\erp\\erp1(10)\\vendor\\laravel\\framework\\src\\Illuminate\\Collections\\Collection.php(358): Illuminate\\Support\\Arr::where(Array, Object(Closure))
#8 C:\\Users\\BG\\Desktop\\erp\\erp1(10)\\vendor\\facade\\ignition\\src\\SolutionProviders\\SolutionProviderRepository.php(49): Illuminate\\Support\\Collection->filter(Object(Closure))
#9 C:\\Users\\BG\\Desktop\\erp\\erp1(10)\\vendor\
unomaduro\\collision\\src\\Adapters\\Laravel\\IgnitionSolutionsRepository.php(36): Facade\\Ignition\\SolutionProviders\\SolutionProviderRepository->getSolutionsForThrowable(Object(Whoops\\Exception\\ErrorException))
#10 C:\\Users\\BG\\Desktop\\erp\\erp1(10)\\vendor\
unomaduro\\collision\\src\\Writer.php(244): NunoMaduro\\Collision\\Adapters\\Laravel\\IgnitionSolutionsRepository->getFromThrowable(Object(Whoops\\Exception\\ErrorException))
#11 C:\\Users\\BG\\Desktop\\erp\\erp1(10)\\vendor\
unomaduro\\collision\\src\\Writer.php(123): NunoMaduro\\Collision\\Writer->renderSolution(Object(Whoops\\Exception\\Inspector))
#12 C:\\Users\\BG\\Desktop\\erp\\erp1(10)\\vendor\
unomaduro\\collision\\src\\Handler.php(39): NunoMaduro\\Collision\\Writer->write(Object(Whoops\\Exception\\Inspector))
#13 C:\\Users\\BG\\Desktop\\erp\\erp1(10)\\vendor\\filp\\whoops\\src\\Whoops\\Run.php(370): NunoMaduro\\Collision\\Handler->handle(Object(Whoops\\Exception\\ErrorException))
#14 [internal function]: Whoops\\Run->handleException(Object(Whoops\\Exception\\ErrorException))
#15 {main}
  thrown at C:\\Users\\BG\\Desktop\\erp\\erp1(10)\\vendor\\facade\\ignition\\src\\SolutionProviders\\MergeConflictSolutionProvider.php:52)
[stacktrace]
#0 {main}
"} 
[2023-07-21 14:06:56] local.ERROR: could not find driver (SQL: select * from `system` where `key` = crm_version limit 1) {"exception":"[object] (Illuminate\\Database\\QueryException(code: 0): could not find driver (SQL: select * from `system` where `key` = crm_version limit 1) at C:\\Users\\BG\\Desktop\\erp\\erp1(10)\\vendor\\laravel\\framework\\src\\Illuminate\\Database\\Connection.php:712)
[stacktrace]
#0 C:\\Users\\BG\\Desktop\\erp\\erp1(10)\\vendor\\laravel\\framework\\src\\Illuminate\\Database\\Connection.php(672): Illuminate\\Database\\Connection->runQueryCallback('select * from `...', Array, Object(Closure))
#1 C:\\Users\\BG\\Desktop\\erp\\erp1(10)\\vendor\\laravel\\framework\\src\\Illuminate\\Database\\Connection.php(359): Illuminate\\Database\\Connection->run('select * from `...', Array, Object(Closure))
#2 C:\\Users\\BG\\Desktop\\erp\\erp1(10)\\vendor\\laravel\\framework\\src\\Illuminate\\Database\\Query\\Builder.php(2413): Illuminate\\Database\\Connection->select('select * from `...', Array, true)
#3 C:\\Users\\BG\\Desktop\\erp\\erp1(10)\\vendor\\laravel\\framework\\src\\Illuminate\\Database\\Query\\Builder.php(2402): Illuminate\\Database\\Query\\Builder->runSelect()
#4 C:\\Users\\BG\\Desktop\\erp\\erp1(10)\\vendor\\laravel\\framework\\src\\Illuminate\\Database\\Query\\Builder.php(2936): Illuminate\\Database\\Query\\Builder->Illuminate\\Database\\Query\\{closure}()
#5 C:\\Users\\BG\\Desktop\\erp\\erp1(10)\\vendor\\laravel\\framework\\src\\Illuminate\\Database\\Query\\Builder.php(2401): Illuminate\\Database\\Query\\Builder->onceWithColumns(Array, Object(Closure))
#6 C:\\Users\\BG\\Desktop\\erp\\erp1(10)\\vendor\\laravel\\framework\\src\\Illuminate\\Database\\Eloquent\\Builder.php(625): Illuminate\\Database\\Query\\Builder->get(Array)
#7 C:\\Users\\BG\\Desktop\\erp\\erp1(10)\\vendor\\laravel\\framework\\src\\Illuminate\\Database\\Eloquent\\Builder.php(609): Illuminate\\Database\\Eloquent\\Builder->getModels(Array)
#8 C:\\Users\\BG\\Desktop\\erp\\erp1(10)\\vendor\\laravel\\framework\\src\\Illuminate\\Database\\Concerns\\BuildsQueries.php(294): Illuminate\\Database\\Eloquent\\Builder->get(Array)
#9 C:\\Users\\BG\\Desktop\\erp\\erp1(10)\\app\\System.php(39): Illuminate\\Database\\Eloquent\\Builder->first()
#10 C:\\Users\\BG\\Desktop\\erp\\erp1(10)\\app\\Utils\\ModuleUtil.php(29): App\\System::getProperty('crm_version')
#11 C:\\Users\\BG\\Desktop\\erp\\erp1(10)\\Modules\\Crm\\Providers\\CrmServiceProvider.php(177): App\\Utils\\ModuleUtil->isModuleInstalled('Crm')
#12 C:\\Users\\BG\\Desktop\\erp\\erp1(10)\\Modules\\Crm\\Providers\\CrmServiceProvider.php(47): Modules\\Crm\\Providers\\CrmServiceProvider->registerScheduleCommands()
#13 C:\\Users\\BG\\Desktop\\erp\\erp1(10)\\vendor\\laravel\\framework\\src\\Illuminate\\Container\\BoundMethod.php(36): Modules\\Crm\\Providers\\CrmServiceProvider->boot()
#14 C:\\Users\\BG\\Desktop\\erp\\erp1(10)\\vendor\\laravel\\framework\\src\\Illuminate\\Container\\Util.php(40): Illuminate\\Container\\BoundMethod::Illuminate\\Container\\{closure}()
#15 C:\\Users\\BG\\Desktop\\erp\\erp1(10)\\vendor\\laravel\\framework\\src\\Illuminate\\Container\\BoundMethod.php(93): Illuminate\\Container\\Util::unwrapIfClosure(Object(Closure))
#16 C:\\Users\\BG\\Desktop\\erp\\erp1(10)\\vendor\\laravel\\framework\\src\\Illuminate\\Container\\BoundMethod.php(35): Illuminate\\Container\\BoundMethod::callBoundMethod(Object(Illuminate\\Foundation\\Application), Array, Object(Closure))
#17 C:\\Users\\BG\\Desktop\\erp\\erp1(10)\\vendor\\laravel\\framework\\src\\Illuminate\\Container\\Container.php(653): Illuminate\\Container\\BoundMethod::call(Object(Illuminate\\Foundation\\Application), Array, Array, NULL)
#18 C:\\Users\\BG\\Desktop\\erp\\erp1(10)\\vendor\\laravel\\framework\\src\\Illuminate\\Foundation\\Application.php(924): Illuminate\\Container\\Container->call(Array)
#19 C:\\Users\\BG\\Desktop\\erp\\erp1(10)\\vendor\\laravel\\framework\\src\\Illuminate\\Foundation\\Application.php(905): Illuminate\\Foundation\\Application->bootProvider(Object(Modules\\Crm\\Providers\\CrmServiceProvider))
#20 [internal function]: Illuminate\\Foundation\\Application->Illuminate\\Foundation\\{closure}(Object(Modules\\Crm\\Providers\\CrmServiceProvider), 56)
#21 C:\\Users\\BG\\Desktop\\erp\\erp1(10)\\vendor\\laravel\\framework\\src\\Illuminate\\Foundation\\Application.php(904): array_walk(Array, Object(Closure))
#22 C:\\Users\\BG\\Desktop\\erp\\erp1(10)\\vendor\\laravel\\framework\\src\\Illuminate\\Foundation\\Bootstrap\\BootProviders.php(17): Illuminate\\Foundation\\Application->boot()
#23 C:\\Users\\BG\\Desktop\\erp\\erp1(10)\\vendor\\laravel\\framework\\src\\Illuminate\\Foundation\\Application.php(237): Illuminate\\Foundation\\Bootstrap\\BootProviders->bootstrap(Object(Illuminate\\Foundation\\Application))
#24 C:\\Users\\BG\\Desktop\\erp\\erp1(10)\\vendor\\laravel\\framework\\src\\Illuminate\\Foundation\\Console\\Kernel.php(310): Illuminate\\Foundation\\Application->bootstrapWith(Array)
#25 C:\\Users\\BG\\Desktop\\erp\\erp1(10)\\vendor\\laravel\\framework\\src\\Illuminate\\Foundation\\Console\\Kernel.php(127): Illuminate\\Foundation\\Console\\Kernel->bootstrap()
#26 C:\\Users\\BG\\Desktop\\erp\\erp1(10)\\artisan(35): Illuminate\\Foundation\\Console\\Kernel->handle(Object(Symfony\\Component\\Console\\Input\\ArgvInput), Object(Symfony\\Component\\Console\\Output\\ConsoleOutput))
#27 {main}

[previous exception] [object] (PDOException(code: 0): could not find driver at C:\\Users\\BG\\Desktop\\erp\\erp1(10)\\vendor\\laravel\\framework\\src\\Illuminate\\Database\\Connectors\\Connector.php:70)
[stacktrace]
#0 C:\\Users\\BG\\Desktop\\erp\\erp1(10)\\vendor\\laravel\\framework\\src\\Illuminate\\Database\\Connectors\\Connector.php(70): PDO->__construct('mysql:host=loca...', 'u217138193_erp1', Object(SensitiveParameterValue), Array)
#1 C:\\Users\\BG\\Desktop\\erp\\erp1(10)\\vendor\\laravel\\framework\\src\\Illuminate\\Database\\Connectors\\Connector.php(45): Illuminate\\Database\\Connectors\\Connector->createPdoConnection('mysql:host=loca...', 'u217138193_erp1', '123456789Aa', Array)
#2 C:\\Users\\BG\\Desktop\\erp\\erp1(10)\\vendor\\laravel\\framework\\src\\Illuminate\\Database\\Connectors\\MySqlConnector.php(24): Illuminate\\Database\\Connectors\\Connector->createConnection('mysql:host=loca...', Array, Array)
#3 C:\\Users\\BG\\Desktop\\erp\\erp1(10)\\vendor\\laravel\\framework\\src\\Illuminate\\Database\\Connectors\\ConnectionFactory.php(184): Illuminate\\Database\\Connectors\\MySqlConnector->connect(Array)
#4 [internal function]: Illuminate\\Database\\Connectors\\ConnectionFactory->Illuminate\\Database\\Connectors\\{closure}()
#5 C:\\Users\\BG\\Desktop\\erp\\erp1(10)\\vendor\\laravel\\framework\\src\\Illuminate\\Database\\Connection.php(1064): call_user_func(Object(Closure))
#6 C:\\Users\\BG\\Desktop\\erp\\erp1(10)\\vendor\\laravel\\framework\\src\\Illuminate\\Database\\Connection.php(1100): Illuminate\\Database\\Connection->getPdo()
#7 C:\\Users\\BG\\Desktop\\erp\\erp1(10)\\vendor\\laravel\\framework\\src\\Illuminate\\Database\\Connection.php(442): Illuminate\\Database\\Connection->getReadPdo()
#8 C:\\Users\\BG\\Desktop\\erp\\erp1(10)\\vendor\\laravel\\framework\\src\\Illuminate\\Database\\Connection.php(368): Illuminate\\Database\\Connection->getPdoForSelect(true)
#9 C:\\Users\\BG\\Desktop\\erp\\erp1(10)\\vendor\\laravel\\framework\\src\\Illuminate\\Database\\Connection.php(705): Illuminate\\Database\\Connection->Illuminate\\Database\\{closure}('select * from `...', Array)
#10 C:\\Users\\BG\\Desktop\\erp\\erp1(10)\\vendor\\laravel\\framework\\src\\Illuminate\\Database\\Connection.php(672): Illuminate\\Database\\Connection->runQueryCallback('select * from `...', Array, Object(Closure))
#11 C:\\Users\\BG\\Desktop\\erp\\erp1(10)\\vendor\\laravel\\framework\\src\\Illuminate\\Database\\Connection.php(359): Illuminate\\Database\\Connection->run('select * from `...', Array, Object(Closure))
#12 C:\\Users\\BG\\Desktop\\erp\\erp1(10)\\vendor\\laravel\\framework\\src\\Illuminate\\Database\\Query\\Builder.php(2413): Illuminate\\Database\\Connection->select('select * from `...', Array, true)
#13 C:\\Users\\BG\\Desktop\\erp\\erp1(10)\\vendor\\laravel\\framework\\src\\Illuminate\\Database\\Query\\Builder.php(2402): Illuminate\\Database\\Query\\Builder->runSelect()
#14 C:\\Users\\BG\\Desktop\\erp\\erp1(10)\\vendor\\laravel\\framework\\src\\Illuminate\\Database\\Query\\Builder.php(2936): Illuminate\\Database\\Query\\Builder->Illuminate\\Database\\Query\\{closure}()
#15 C:\\Users\\BG\\Desktop\\erp\\erp1(10)\\vendor\\laravel\\framework\\src\\Illuminate\\Database\\Query\\Builder.php(2401): Illuminate\\Database\\Query\\Builder->onceWithColumns(Array, Object(Closure))
#16 C:\\Users\\BG\\Desktop\\erp\\erp1(10)\\vendor\\laravel\\framework\\src\\Illuminate\\Database\\Eloquent\\Builder.php(625): Illuminate\\Database\\Query\\Builder->get(Array)
#17 C:\\Users\\BG\\Desktop\\erp\\erp1(10)\\vendor\\laravel\\framework\\src\\Illuminate\\Database\\Eloquent\\Builder.php(609): Illuminate\\Database\\Eloquent\\Builder->getModels(Array)
#18 C:\\Users\\BG\\Desktop\\erp\\erp1(10)\\vendor\\laravel\\framework\\src\\Illuminate\\Database\\Concerns\\BuildsQueries.php(294): Illuminate\\Database\\Eloquent\\Builder->get(Array)
#19 C:\\Users\\BG\\Desktop\\erp\\erp1(10)\\app\\System.php(39): Illuminate\\Database\\Eloquent\\Builder->first()
#20 C:\\Users\\BG\\Desktop\\erp\\erp1(10)\\app\\Utils\\ModuleUtil.php(29): App\\System::getProperty('crm_version')
#21 C:\\Users\\BG\\Desktop\\erp\\erp1(10)\\Modules\\Crm\\Providers\\CrmServiceProvider.php(177): App\\Utils\\ModuleUtil->isModuleInstalled('Crm')
#22 C:\\Users\\BG\\Desktop\\erp\\erp1(10)\\Modules\\Crm\\Providers\\CrmServiceProvider.php(47): Modules\\Crm\\Providers\\CrmServiceProvider->registerScheduleCommands()
#23 C:\\Users\\BG\\Desktop\\erp\\erp1(10)\\vendor\\laravel\\framework\\src\\Illuminate\\Container\\BoundMethod.php(36): Modules\\Crm\\Providers\\CrmServiceProvider->boot()
#24 C:\\Users\\BG\\Desktop\\erp\\erp1(10)\\vendor\\laravel\\framework\\src\\Illuminate\\Container\\Util.php(40): Illuminate\\Container\\BoundMethod::Illuminate\\Container\\{closure}()
#25 C:\\Users\\BG\\Desktop\\erp\\erp1(10)\\vendor\\laravel\\framework\\src\\Illuminate\\Container\\BoundMethod.php(93): Illuminate\\Container\\Util::unwrapIfClosure(Object(Closure))
#26 C:\\Users\\BG\\Desktop\\erp\\erp1(10)\\vendor\\laravel\\framework\\src\\Illuminate\\Container\\BoundMethod.php(35): Illuminate\\Container\\BoundMethod::callBoundMethod(Object(Illuminate\\Foundation\\Application), Array, Object(Closure))
#27 C:\\Users\\BG\\Desktop\\erp\\erp1(10)\\vendor\\laravel\\framework\\src\\Illuminate\\Container\\Container.php(653): Illuminate\\Container\\BoundMethod::call(Object(Illuminate\\Foundation\\Application), Array, Array, NULL)
#28 C:\\Users\\BG\\Desktop\\erp\\erp1(10)\\vendor\\laravel\\framework\\src\\Illuminate\\Foundation\\Application.php(924): Illuminate\\Container\\Container->call(Array)
#29 C:\\Users\\BG\\Desktop\\erp\\erp1(10)\\vendor\\laravel\\framework\\src\\Illuminate\\Foundation\\Application.php(905): Illuminate\\Foundation\\Application->bootProvider(Object(Modules\\Crm\\Providers\\CrmServiceProvider))
#30 [internal function]: Illuminate\\Foundation\\Application->Illuminate\\Foundation\\{closure}(Object(Modules\\Crm\\Providers\\CrmServiceProvider), 56)
#31 C:\\Users\\BG\\Desktop\\erp\\erp1(10)\\vendor\\laravel\\framework\\src\\Illuminate\\Foundation\\Application.php(904): array_walk(Array, Object(Closure))
#32 C:\\Users\\BG\\Desktop\\erp\\erp1(10)\\vendor\\laravel\\framework\\src\\Illuminate\\Foundation\\Bootstrap\\BootProviders.php(17): Illuminate\\Foundation\\Application->boot()
#33 C:\\Users\\BG\\Desktop\\erp\\erp1(10)\\vendor\\laravel\\framework\\src\\Illuminate\\Foundation\\Application.php(237): Illuminate\\Foundation\\Bootstrap\\BootProviders->bootstrap(Object(Illuminate\\Foundation\\Application))
#34 C:\\Users\\BG\\Desktop\\erp\\erp1(10)\\vendor\\laravel\\framework\\src\\Illuminate\\Foundation\\Console\\Kernel.php(310): Illuminate\\Foundation\\Application->bootstrapWith(Array)
#35 C:\\Users\\BG\\Desktop\\erp\\erp1(10)\\vendor\\laravel\\framework\\src\\Illuminate\\Foundation\\Console\\Kernel.php(127): Illuminate\\Foundation\\Console\\Kernel->bootstrap()
#36 C:\\Users\\BG\\Desktop\\erp\\erp1(10)\\artisan(35): Illuminate\\Foundation\\Console\\Kernel->handle(Object(Symfony\\Component\\Console\\Input\\ArgvInput), Object(Symfony\\Component\\Console\\Output\\ConsoleOutput))
#37 {main}
"} 
[2023-07-21 14:06:56] local.ERROR: Uncaught Whoops\Exception\ErrorException: Using ${var} in strings is deprecated, use {$var} instead in C:\Users\BG\Desktop\erp\erp1(10)\vendor\facade\ignition\src\SolutionProviders\MergeConflictSolutionProvider.php:52
Stack trace:
#0 C:\Users\BG\Desktop\erp\erp1(10)\vendor\composer\ClassLoader.php(480): Whoops\Run->handleError(8192, 'Using ${var} in...', 'C:\\Users\\BG\\Des...', 52)
#1 C:\Users\BG\Desktop\erp\erp1(10)\vendor\composer\ClassLoader.php(480): include()
#2 C:\Users\BG\Desktop\erp\erp1(10)\vendor\composer\ClassLoader.php(346): Composer\Autoload\includeFile('C:\\Users\\BG\\Des...')
#3 [internal function]: Composer\Autoload\ClassLoader->loadClass('Facade\\Ignition...')
#4 C:\Users\BG\Desktop\erp\erp1(10)\vendor\facade\ignition\src\SolutionProviders\SolutionProviderRepository.php(50): class_implements('Facade\\Ignition...')
#5 [internal function]: Facade\Ignition\SolutionProviders\SolutionProviderRepository->Facade\Ignition\SolutionProviders\{closure}('Facade\\Ignition...', 10)
#6 C:\Users\BG\Desktop\erp\erp1(10)\vendor\laravel\framework\src\Illuminate\Collections\Arr.php(717): array_filter(Array, Object(Closure), 1)
#7 C:\Users\BG\Desktop\erp\erp1(10)\vendor\laravel\framework\src\Illuminate\Collections\Collection.php(358): Illuminate\Support\Arr::where(Array, Object(Closure))
#8 C:\Users\BG\Desktop\erp\erp1(10)\vendor\facade\ignition\src\SolutionProviders\SolutionProviderRepository.php(49): Illuminate\Support\Collection->filter(Object(Closure))
#9 C:\Users\BG\Desktop\erp\erp1(10)\vendor\nunomaduro\collision\src\Adapters\Laravel\IgnitionSolutionsRepository.php(36): Facade\Ignition\SolutionProviders\SolutionProviderRepository->getSolutionsForThrowable(Object(Whoops\Exception\ErrorException))
#10 C:\Users\BG\Desktop\erp\erp1(10)\vendor\nunomaduro\collision\src\Writer.php(244): NunoMaduro\Collision\Adapters\Laravel\IgnitionSolutionsRepository->getFromThrowable(Object(Whoops\Exception\ErrorException))
#11 C:\Users\BG\Desktop\erp\erp1(10)\vendor\nunomaduro\collision\src\Writer.php(123): NunoMaduro\Collision\Writer->renderSolution(Object(Whoops\Exception\Inspector))
#12 C:\Users\BG\Desktop\erp\erp1(10)\vendor\nunomaduro\collision\src\Handler.php(39): NunoMaduro\Collision\Writer->write(Object(Whoops\Exception\Inspector))
#13 C:\Users\BG\Desktop\erp\erp1(10)\vendor\filp\whoops\src\Whoops\Run.php(370): NunoMaduro\Collision\Handler->handle(Object(Whoops\Exception\ErrorException))
#14 [internal function]: Whoops\Run->handleException(Object(Whoops\Exception\ErrorException))
#15 {main}
  thrown {"exception":"[object] (Symfony\\Component\\ErrorHandler\\Error\\FatalError(code: 0): Uncaught Whoops\\Exception\\ErrorException: Using ${var} in strings is deprecated, use {$var} instead in C:\\Users\\BG\\Desktop\\erp\\erp1(10)\\vendor\\facade\\ignition\\src\\SolutionProviders\\MergeConflictSolutionProvider.php:52
Stack trace:
#0 C:\\Users\\BG\\Desktop\\erp\\erp1(10)\\vendor\\composer\\ClassLoader.php(480): Whoops\\Run->handleError(8192, 'Using ${var} in...', 'C:\\\\Users\\\\BG\\\\Des...', 52)
#1 C:\\Users\\BG\\Desktop\\erp\\erp1(10)\\vendor\\composer\\ClassLoader.php(480): include()
#2 C:\\Users\\BG\\Desktop\\erp\\erp1(10)\\vendor\\composer\\ClassLoader.php(346): Composer\\Autoload\\includeFile('C:\\\\Users\\\\BG\\\\Des...')
#3 [internal function]: Composer\\Autoload\\ClassLoader->loadClass('Facade\\\\Ignition...')
#4 C:\\Users\\BG\\Desktop\\erp\\erp1(10)\\vendor\\facade\\ignition\\src\\SolutionProviders\\SolutionProviderRepository.php(50): class_implements('Facade\\\\Ignition...')
#5 [internal function]: Facade\\Ignition\\SolutionProviders\\SolutionProviderRepository->Facade\\Ignition\\SolutionProviders\\{closure}('Facade\\\\Ignition...', 10)
#6 C:\\Users\\BG\\Desktop\\erp\\erp1(10)\\vendor\\laravel\\framework\\src\\Illuminate\\Collections\\Arr.php(717): array_filter(Array, Object(Closure), 1)
#7 C:\\Users\\BG\\Desktop\\erp\\erp1(10)\\vendor\\laravel\\framework\\src\\Illuminate\\Collections\\Collection.php(358): Illuminate\\Support\\Arr::where(Array, Object(Closure))
#8 C:\\Users\\BG\\Desktop\\erp\\erp1(10)\\vendor\\facade\\ignition\\src\\SolutionProviders\\SolutionProviderRepository.php(49): Illuminate\\Support\\Collection->filter(Object(Closure))
#9 C:\\Users\\BG\\Desktop\\erp\\erp1(10)\\vendor\
unomaduro\\collision\\src\\Adapters\\Laravel\\IgnitionSolutionsRepository.php(36): Facade\\Ignition\\SolutionProviders\\SolutionProviderRepository->getSolutionsForThrowable(Object(Whoops\\Exception\\ErrorException))
#10 C:\\Users\\BG\\Desktop\\erp\\erp1(10)\\vendor\
unomaduro\\collision\\src\\Writer.php(244): NunoMaduro\\Collision\\Adapters\\Laravel\\IgnitionSolutionsRepository->getFromThrowable(Object(Whoops\\Exception\\ErrorException))
#11 C:\\Users\\BG\\Desktop\\erp\\erp1(10)\\vendor\
unomaduro\\collision\\src\\Writer.php(123): NunoMaduro\\Collision\\Writer->renderSolution(Object(Whoops\\Exception\\Inspector))
#12 C:\\Users\\BG\\Desktop\\erp\\erp1(10)\\vendor\
unomaduro\\collision\\src\\Handler.php(39): NunoMaduro\\Collision\\Writer->write(Object(Whoops\\Exception\\Inspector))
#13 C:\\Users\\BG\\Desktop\\erp\\erp1(10)\\vendor\\filp\\whoops\\src\\Whoops\\Run.php(370): NunoMaduro\\Collision\\Handler->handle(Object(Whoops\\Exception\\ErrorException))
#14 [internal function]: Whoops\\Run->handleException(Object(Whoops\\Exception\\ErrorException))
#15 {main}
  thrown at C:\\Users\\BG\\Desktop\\erp\\erp1(10)\\vendor\\facade\\ignition\\src\\SolutionProviders\\MergeConflictSolutionProvider.php:52)
[stacktrace]
#0 {main}
"} 
[2023-07-21 14:08:28] local.ERROR: could not find driver (SQL: select * from `system` where `key` = crm_version limit 1) {"exception":"[object] (Illuminate\\Database\\QueryException(code: 0): could not find driver (SQL: select * from `system` where `key` = crm_version limit 1) at C:\\Users\\BG\\Desktop\\erp\\erp1(10)\\vendor\\laravel\\framework\\src\\Illuminate\\Database\\Connection.php:712)
[stacktrace]
#0 C:\\Users\\BG\\Desktop\\erp\\erp1(10)\\vendor\\laravel\\framework\\src\\Illuminate\\Database\\Connection.php(672): Illuminate\\Database\\Connection->runQueryCallback('select * from `...', Array, Object(Closure))
#1 C:\\Users\\BG\\Desktop\\erp\\erp1(10)\\vendor\\laravel\\framework\\src\\Illuminate\\Database\\Connection.php(359): Illuminate\\Database\\Connection->run('select * from `...', Array, Object(Closure))
#2 C:\\Users\\BG\\Desktop\\erp\\erp1(10)\\vendor\\laravel\\framework\\src\\Illuminate\\Database\\Query\\Builder.php(2413): Illuminate\\Database\\Connection->select('select * from `...', Array, true)
#3 C:\\Users\\BG\\Desktop\\erp\\erp1(10)\\vendor\\laravel\\framework\\src\\Illuminate\\Database\\Query\\Builder.php(2402): Illuminate\\Database\\Query\\Builder->runSelect()
#4 C:\\Users\\BG\\Desktop\\erp\\erp1(10)\\vendor\\laravel\\framework\\src\\Illuminate\\Database\\Query\\Builder.php(2936): Illuminate\\Database\\Query\\Builder->Illuminate\\Database\\Query\\{closure}()
#5 C:\\Users\\BG\\Desktop\\erp\\erp1(10)\\vendor\\laravel\\framework\\src\\Illuminate\\Database\\Query\\Builder.php(2401): Illuminate\\Database\\Query\\Builder->onceWithColumns(Array, Object(Closure))
#6 C:\\Users\\BG\\Desktop\\erp\\erp1(10)\\vendor\\laravel\\framework\\src\\Illuminate\\Database\\Eloquent\\Builder.php(625): Illuminate\\Database\\Query\\Builder->get(Array)
#7 C:\\Users\\BG\\Desktop\\erp\\erp1(10)\\vendor\\laravel\\framework\\src\\Illuminate\\Database\\Eloquent\\Builder.php(609): Illuminate\\Database\\Eloquent\\Builder->getModels(Array)
#8 C:\\Users\\BG\\Desktop\\erp\\erp1(10)\\vendor\\laravel\\framework\\src\\Illuminate\\Database\\Concerns\\BuildsQueries.php(294): Illuminate\\Database\\Eloquent\\Builder->get(Array)
#9 C:\\Users\\BG\\Desktop\\erp\\erp1(10)\\app\\System.php(39): Illuminate\\Database\\Eloquent\\Builder->first()
#10 C:\\Users\\BG\\Desktop\\erp\\erp1(10)\\app\\Utils\\ModuleUtil.php(29): App\\System::getProperty('crm_version')
#11 C:\\Users\\BG\\Desktop\\erp\\erp1(10)\\Modules\\Crm\\Providers\\CrmServiceProvider.php(177): App\\Utils\\ModuleUtil->isModuleInstalled('Crm')
#12 C:\\Users\\BG\\Desktop\\erp\\erp1(10)\\Modules\\Crm\\Providers\\CrmServiceProvider.php(47): Modules\\Crm\\Providers\\CrmServiceProvider->registerScheduleCommands()
#13 C:\\Users\\BG\\Desktop\\erp\\erp1(10)\\vendor\\laravel\\framework\\src\\Illuminate\\Container\\BoundMethod.php(36): Modules\\Crm\\Providers\\CrmServiceProvider->boot()
#14 C:\\Users\\BG\\Desktop\\erp\\erp1(10)\\vendor\\laravel\\framework\\src\\Illuminate\\Container\\Util.php(40): Illuminate\\Container\\BoundMethod::Illuminate\\Container\\{closure}()
#15 C:\\Users\\BG\\Desktop\\erp\\erp1(10)\\vendor\\laravel\\framework\\src\\Illuminate\\Container\\BoundMethod.php(93): Illuminate\\Container\\Util::unwrapIfClosure(Object(Closure))
#16 C:\\Users\\BG\\Desktop\\erp\\erp1(10)\\vendor\\laravel\\framework\\src\\Illuminate\\Container\\BoundMethod.php(35): Illuminate\\Container\\BoundMethod::callBoundMethod(Object(Illuminate\\Foundation\\Application), Array, Object(Closure))
#17 C:\\Users\\BG\\Desktop\\erp\\erp1(10)\\vendor\\laravel\\framework\\src\\Illuminate\\Container\\Container.php(653): Illuminate\\Container\\BoundMethod::call(Object(Illuminate\\Foundation\\Application), Array, Array, NULL)
#18 C:\\Users\\BG\\Desktop\\erp\\erp1(10)\\vendor\\laravel\\framework\\src\\Illuminate\\Foundation\\Application.php(924): Illuminate\\Container\\Container->call(Array)
#19 C:\\Users\\BG\\Desktop\\erp\\erp1(10)\\vendor\\laravel\\framework\\src\\Illuminate\\Foundation\\Application.php(905): Illuminate\\Foundation\\Application->bootProvider(Object(Modules\\Crm\\Providers\\CrmServiceProvider))
#20 [internal function]: Illuminate\\Foundation\\Application->Illuminate\\Foundation\\{closure}(Object(Modules\\Crm\\Providers\\CrmServiceProvider), 56)
#21 C:\\Users\\BG\\Desktop\\erp\\erp1(10)\\vendor\\laravel\\framework\\src\\Illuminate\\Foundation\\Application.php(904): array_walk(Array, Object(Closure))
#22 C:\\Users\\BG\\Desktop\\erp\\erp1(10)\\vendor\\laravel\\framework\\src\\Illuminate\\Foundation\\Bootstrap\\BootProviders.php(17): Illuminate\\Foundation\\Application->boot()
#23 C:\\Users\\BG\\Desktop\\erp\\erp1(10)\\vendor\\laravel\\framework\\src\\Illuminate\\Foundation\\Application.php(237): Illuminate\\Foundation\\Bootstrap\\BootProviders->bootstrap(Object(Illuminate\\Foundation\\Application))
#24 C:\\Users\\BG\\Desktop\\erp\\erp1(10)\\vendor\\laravel\\framework\\src\\Illuminate\\Foundation\\Console\\Kernel.php(310): Illuminate\\Foundation\\Application->bootstrapWith(Array)
#25 C:\\Users\\BG\\Desktop\\erp\\erp1(10)\\vendor\\laravel\\framework\\src\\Illuminate\\Foundation\\Console\\Kernel.php(127): Illuminate\\Foundation\\Console\\Kernel->bootstrap()
#26 C:\\Users\\BG\\Desktop\\erp\\erp1(10)\\artisan(35): Illuminate\\Foundation\\Console\\Kernel->handle(Object(Symfony\\Component\\Console\\Input\\ArgvInput), Object(Symfony\\Component\\Console\\Output\\ConsoleOutput))
#27 {main}

[previous exception] [object] (PDOException(code: 0): could not find driver at C:\\Users\\BG\\Desktop\\erp\\erp1(10)\\vendor\\laravel\\framework\\src\\Illuminate\\Database\\Connectors\\Connector.php:70)
[stacktrace]
#0 C:\\Users\\BG\\Desktop\\erp\\erp1(10)\\vendor\\laravel\\framework\\src\\Illuminate\\Database\\Connectors\\Connector.php(70): PDO->__construct('mysql:host=loca...', 'u217138193_erp1', Object(SensitiveParameterValue), Array)
#1 C:\\Users\\BG\\Desktop\\erp\\erp1(10)\\vendor\\laravel\\framework\\src\\Illuminate\\Database\\Connectors\\Connector.php(45): Illuminate\\Database\\Connectors\\Connector->createPdoConnection('mysql:host=loca...', 'u217138193_erp1', '123456789Aa', Array)
#2 C:\\Users\\BG\\Desktop\\erp\\erp1(10)\\vendor\\laravel\\framework\\src\\Illuminate\\Database\\Connectors\\MySqlConnector.php(24): Illuminate\\Database\\Connectors\\Connector->createConnection('mysql:host=loca...', Array, Array)
#3 C:\\Users\\BG\\Desktop\\erp\\erp1(10)\\vendor\\laravel\\framework\\src\\Illuminate\\Database\\Connectors\\ConnectionFactory.php(184): Illuminate\\Database\\Connectors\\MySqlConnector->connect(Array)
#4 [internal function]: Illuminate\\Database\\Connectors\\ConnectionFactory->Illuminate\\Database\\Connectors\\{closure}()
#5 C:\\Users\\BG\\Desktop\\erp\\erp1(10)\\vendor\\laravel\\framework\\src\\Illuminate\\Database\\Connection.php(1064): call_user_func(Object(Closure))
#6 C:\\Users\\BG\\Desktop\\erp\\erp1(10)\\vendor\\laravel\\framework\\src\\Illuminate\\Database\\Connection.php(1100): Illuminate\\Database\\Connection->getPdo()
#7 C:\\Users\\BG\\Desktop\\erp\\erp1(10)\\vendor\\laravel\\framework\\src\\Illuminate\\Database\\Connection.php(442): Illuminate\\Database\\Connection->getReadPdo()
#8 C:\\Users\\BG\\Desktop\\erp\\erp1(10)\\vendor\\laravel\\framework\\src\\Illuminate\\Database\\Connection.php(368): Illuminate\\Database\\Connection->getPdoForSelect(true)
#9 C:\\Users\\BG\\Desktop\\erp\\erp1(10)\\vendor\\laravel\\framework\\src\\Illuminate\\Database\\Connection.php(705): Illuminate\\Database\\Connection->Illuminate\\Database\\{closure}('select * from `...', Array)
#10 C:\\Users\\BG\\Desktop\\erp\\erp1(10)\\vendor\\laravel\\framework\\src\\Illuminate\\Database\\Connection.php(672): Illuminate\\Database\\Connection->runQueryCallback('select * from `...', Array, Object(Closure))
#11 C:\\Users\\BG\\Desktop\\erp\\erp1(10)\\vendor\\laravel\\framework\\src\\Illuminate\\Database\\Connection.php(359): Illuminate\\Database\\Connection->run('select * from `...', Array, Object(Closure))
#12 C:\\Users\\BG\\Desktop\\erp\\erp1(10)\\vendor\\laravel\\framework\\src\\Illuminate\\Database\\Query\\Builder.php(2413): Illuminate\\Database\\Connection->select('select * from `...', Array, true)
#13 C:\\Users\\BG\\Desktop\\erp\\erp1(10)\\vendor\\laravel\\framework\\src\\Illuminate\\Database\\Query\\Builder.php(2402): Illuminate\\Database\\Query\\Builder->runSelect()
#14 C:\\Users\\BG\\Desktop\\erp\\erp1(10)\\vendor\\laravel\\framework\\src\\Illuminate\\Database\\Query\\Builder.php(2936): Illuminate\\Database\\Query\\Builder->Illuminate\\Database\\Query\\{closure}()
#15 C:\\Users\\BG\\Desktop\\erp\\erp1(10)\\vendor\\laravel\\framework\\src\\Illuminate\\Database\\Query\\Builder.php(2401): Illuminate\\Database\\Query\\Builder->onceWithColumns(Array, Object(Closure))
#16 C:\\Users\\BG\\Desktop\\erp\\erp1(10)\\vendor\\laravel\\framework\\src\\Illuminate\\Database\\Eloquent\\Builder.php(625): Illuminate\\Database\\Query\\Builder->get(Array)
#17 C:\\Users\\BG\\Desktop\\erp\\erp1(10)\\vendor\\laravel\\framework\\src\\Illuminate\\Database\\Eloquent\\Builder.php(609): Illuminate\\Database\\Eloquent\\Builder->getModels(Array)
#18 C:\\Users\\BG\\Desktop\\erp\\erp1(10)\\vendor\\laravel\\framework\\src\\Illuminate\\Database\\Concerns\\BuildsQueries.php(294): Illuminate\\Database\\Eloquent\\Builder->get(Array)
#19 C:\\Users\\BG\\Desktop\\erp\\erp1(10)\\app\\System.php(39): Illuminate\\Database\\Eloquent\\Builder->first()
#20 C:\\Users\\BG\\Desktop\\erp\\erp1(10)\\app\\Utils\\ModuleUtil.php(29): App\\System::getProperty('crm_version')
#21 C:\\Users\\BG\\Desktop\\erp\\erp1(10)\\Modules\\Crm\\Providers\\CrmServiceProvider.php(177): App\\Utils\\ModuleUtil->isModuleInstalled('Crm')
#22 C:\\Users\\BG\\Desktop\\erp\\erp1(10)\\Modules\\Crm\\Providers\\CrmServiceProvider.php(47): Modules\\Crm\\Providers\\CrmServiceProvider->registerScheduleCommands()
#23 C:\\Users\\BG\\Desktop\\erp\\erp1(10)\\vendor\\laravel\\framework\\src\\Illuminate\\Container\\BoundMethod.php(36): Modules\\Crm\\Providers\\CrmServiceProvider->boot()
#24 C:\\Users\\BG\\Desktop\\erp\\erp1(10)\\vendor\\laravel\\framework\\src\\Illuminate\\Container\\Util.php(40): Illuminate\\Container\\BoundMethod::Illuminate\\Container\\{closure}()
#25 C:\\Users\\BG\\Desktop\\erp\\erp1(10)\\vendor\\laravel\\framework\\src\\Illuminate\\Container\\BoundMethod.php(93): Illuminate\\Container\\Util::unwrapIfClosure(Object(Closure))
#26 C:\\Users\\BG\\Desktop\\erp\\erp1(10)\\vendor\\laravel\\framework\\src\\Illuminate\\Container\\BoundMethod.php(35): Illuminate\\Container\\BoundMethod::callBoundMethod(Object(Illuminate\\Foundation\\Application), Array, Object(Closure))
#27 C:\\Users\\BG\\Desktop\\erp\\erp1(10)\\vendor\\laravel\\framework\\src\\Illuminate\\Container\\Container.php(653): Illuminate\\Container\\BoundMethod::call(Object(Illuminate\\Foundation\\Application), Array, Array, NULL)
#28 C:\\Users\\BG\\Desktop\\erp\\erp1(10)\\vendor\\laravel\\framework\\src\\Illuminate\\Foundation\\Application.php(924): Illuminate\\Container\\Container->call(Array)
#29 C:\\Users\\BG\\Desktop\\erp\\erp1(10)\\vendor\\laravel\\framework\\src\\Illuminate\\Foundation\\Application.php(905): Illuminate\\Foundation\\Application->bootProvider(Object(Modules\\Crm\\Providers\\CrmServiceProvider))
#30 [internal function]: Illuminate\\Foundation\\Application->Illuminate\\Foundation\\{closure}(Object(Modules\\Crm\\Providers\\CrmServiceProvider), 56)
#31 C:\\Users\\BG\\Desktop\\erp\\erp1(10)\\vendor\\laravel\\framework\\src\\Illuminate\\Foundation\\Application.php(904): array_walk(Array, Object(Closure))
#32 C:\\Users\\BG\\Desktop\\erp\\erp1(10)\\vendor\\laravel\\framework\\src\\Illuminate\\Foundation\\Bootstrap\\BootProviders.php(17): Illuminate\\Foundation\\Application->boot()
#33 C:\\Users\\BG\\Desktop\\erp\\erp1(10)\\vendor\\laravel\\framework\\src\\Illuminate\\Foundation\\Application.php(237): Illuminate\\Foundation\\Bootstrap\\BootProviders->bootstrap(Object(Illuminate\\Foundation\\Application))
#34 C:\\Users\\BG\\Desktop\\erp\\erp1(10)\\vendor\\laravel\\framework\\src\\Illuminate\\Foundation\\Console\\Kernel.php(310): Illuminate\\Foundation\\Application->bootstrapWith(Array)
#35 C:\\Users\\BG\\Desktop\\erp\\erp1(10)\\vendor\\laravel\\framework\\src\\Illuminate\\Foundation\\Console\\Kernel.php(127): Illuminate\\Foundation\\Console\\Kernel->bootstrap()
#36 C:\\Users\\BG\\Desktop\\erp\\erp1(10)\\artisan(35): Illuminate\\Foundation\\Console\\Kernel->handle(Object(Symfony\\Component\\Console\\Input\\ArgvInput), Object(Symfony\\Component\\Console\\Output\\ConsoleOutput))
#37 {main}
"} 
[2023-07-21 14:08:28] local.ERROR: Uncaught Whoops\Exception\ErrorException: Using ${var} in strings is deprecated, use {$var} instead in C:\Users\BG\Desktop\erp\erp1(10)\vendor\facade\ignition\src\SolutionProviders\MergeConflictSolutionProvider.php:52
Stack trace:
#0 C:\Users\BG\Desktop\erp\erp1(10)\vendor\composer\ClassLoader.php(480): Whoops\Run->handleError(8192, 'Using ${var} in...', 'C:\\Users\\BG\\Des...', 52)
#1 C:\Users\BG\Desktop\erp\erp1(10)\vendor\composer\ClassLoader.php(480): include()
#2 C:\Users\BG\Desktop\erp\erp1(10)\vendor\composer\ClassLoader.php(346): Composer\Autoload\includeFile('C:\\Users\\BG\\Des...')
#3 [internal function]: Composer\Autoload\ClassLoader->loadClass('Facade\\Ignition...')
#4 C:\Users\BG\Desktop\erp\erp1(10)\vendor\facade\ignition\src\SolutionProviders\SolutionProviderRepository.php(50): class_implements('Facade\\Ignition...')
#5 [internal function]: Facade\Ignition\SolutionProviders\SolutionProviderRepository->Facade\Ignition\SolutionProviders\{closure}('Facade\\Ignition...', 10)
#6 C:\Users\BG\Desktop\erp\erp1(10)\vendor\laravel\framework\src\Illuminate\Collections\Arr.php(717): array_filter(Array, Object(Closure), 1)
#7 C:\Users\BG\Desktop\erp\erp1(10)\vendor\laravel\framework\src\Illuminate\Collections\Collection.php(358): Illuminate\Support\Arr::where(Array, Object(Closure))
#8 C:\Users\BG\Desktop\erp\erp1(10)\vendor\facade\ignition\src\SolutionProviders\SolutionProviderRepository.php(49): Illuminate\Support\Collection->filter(Object(Closure))
#9 C:\Users\BG\Desktop\erp\erp1(10)\vendor\nunomaduro\collision\src\Adapters\Laravel\IgnitionSolutionsRepository.php(36): Facade\Ignition\SolutionProviders\SolutionProviderRepository->getSolutionsForThrowable(Object(Whoops\Exception\ErrorException))
#10 C:\Users\BG\Desktop\erp\erp1(10)\vendor\nunomaduro\collision\src\Writer.php(244): NunoMaduro\Collision\Adapters\Laravel\IgnitionSolutionsRepository->getFromThrowable(Object(Whoops\Exception\ErrorException))
#11 C:\Users\BG\Desktop\erp\erp1(10)\vendor\nunomaduro\collision\src\Writer.php(123): NunoMaduro\Collision\Writer->renderSolution(Object(Whoops\Exception\Inspector))
#12 C:\Users\BG\Desktop\erp\erp1(10)\vendor\nunomaduro\collision\src\Handler.php(39): NunoMaduro\Collision\Writer->write(Object(Whoops\Exception\Inspector))
#13 C:\Users\BG\Desktop\erp\erp1(10)\vendor\filp\whoops\src\Whoops\Run.php(370): NunoMaduro\Collision\Handler->handle(Object(Whoops\Exception\ErrorException))
#14 [internal function]: Whoops\Run->handleException(Object(Whoops\Exception\ErrorException))
#15 {main}
  thrown {"exception":"[object] (Symfony\\Component\\ErrorHandler\\Error\\FatalError(code: 0): Uncaught Whoops\\Exception\\ErrorException: Using ${var} in strings is deprecated, use {$var} instead in C:\\Users\\BG\\Desktop\\erp\\erp1(10)\\vendor\\facade\\ignition\\src\\SolutionProviders\\MergeConflictSolutionProvider.php:52
Stack trace:
#0 C:\\Users\\BG\\Desktop\\erp\\erp1(10)\\vendor\\composer\\ClassLoader.php(480): Whoops\\Run->handleError(8192, 'Using ${var} in...', 'C:\\\\Users\\\\BG\\\\Des...', 52)
#1 C:\\Users\\BG\\Desktop\\erp\\erp1(10)\\vendor\\composer\\ClassLoader.php(480): include()
#2 C:\\Users\\BG\\Desktop\\erp\\erp1(10)\\vendor\\composer\\ClassLoader.php(346): Composer\\Autoload\\includeFile('C:\\\\Users\\\\BG\\\\Des...')
#3 [internal function]: Composer\\Autoload\\ClassLoader->loadClass('Facade\\\\Ignition...')
#4 C:\\Users\\BG\\Desktop\\erp\\erp1(10)\\vendor\\facade\\ignition\\src\\SolutionProviders\\SolutionProviderRepository.php(50): class_implements('Facade\\\\Ignition...')
#5 [internal function]: Facade\\Ignition\\SolutionProviders\\SolutionProviderRepository->Facade\\Ignition\\SolutionProviders\\{closure}('Facade\\\\Ignition...', 10)
#6 C:\\Users\\BG\\Desktop\\erp\\erp1(10)\\vendor\\laravel\\framework\\src\\Illuminate\\Collections\\Arr.php(717): array_filter(Array, Object(Closure), 1)
#7 C:\\Users\\BG\\Desktop\\erp\\erp1(10)\\vendor\\laravel\\framework\\src\\Illuminate\\Collections\\Collection.php(358): Illuminate\\Support\\Arr::where(Array, Object(Closure))
#8 C:\\Users\\BG\\Desktop\\erp\\erp1(10)\\vendor\\facade\\ignition\\src\\SolutionProviders\\SolutionProviderRepository.php(49): Illuminate\\Support\\Collection->filter(Object(Closure))
#9 C:\\Users\\BG\\Desktop\\erp\\erp1(10)\\vendor\
unomaduro\\collision\\src\\Adapters\\Laravel\\IgnitionSolutionsRepository.php(36): Facade\\Ignition\\SolutionProviders\\SolutionProviderRepository->getSolutionsForThrowable(Object(Whoops\\Exception\\ErrorException))
#10 C:\\Users\\BG\\Desktop\\erp\\erp1(10)\\vendor\
unomaduro\\collision\\src\\Writer.php(244): NunoMaduro\\Collision\\Adapters\\Laravel\\IgnitionSolutionsRepository->getFromThrowable(Object(Whoops\\Exception\\ErrorException))
#11 C:\\Users\\BG\\Desktop\\erp\\erp1(10)\\vendor\
unomaduro\\collision\\src\\Writer.php(123): NunoMaduro\\Collision\\Writer->renderSolution(Object(Whoops\\Exception\\Inspector))
#12 C:\\Users\\BG\\Desktop\\erp\\erp1(10)\\vendor\
unomaduro\\collision\\src\\Handler.php(39): NunoMaduro\\Collision\\Writer->write(Object(Whoops\\Exception\\Inspector))
#13 C:\\Users\\BG\\Desktop\\erp\\erp1(10)\\vendor\\filp\\whoops\\src\\Whoops\\Run.php(370): NunoMaduro\\Collision\\Handler->handle(Object(Whoops\\Exception\\ErrorException))
#14 [internal function]: Whoops\\Run->handleException(Object(Whoops\\Exception\\ErrorException))
#15 {main}
  thrown at C:\\Users\\BG\\Desktop\\erp\\erp1(10)\\vendor\\facade\\ignition\\src\\SolutionProviders\\MergeConflictSolutionProvider.php:52)
[stacktrace]
#0 {main}
"} 
